# JRE version: Java(TM) SE Runtime Environment (21.0.5+9) (build 21.0.5+9-LTS-239)
# Java VM: Java HotSpot(TM) 64-Bit Server VM (21.0.5+9-LTS-239, mixed mode, sharing, tiered, compressed oops, compressed class ptrs, g1 gc, windows-amd64)
GC Precious Log:
 CardTable entry size: 512
 Card Set container configuration: InlinePtr #cards 5 size 8 Array Of Cards #cards 12 size 40 Howl #buckets 4 coarsen threshold 1843 Howl Bitmap #cards 512 size 80 coarsen threshold 460 Card regions per heap region 1 cards per card region 2048
 CPUs: 4 total, 4 available
 Memory: 3895M
 Large Page Support: Disabled
 NUMA Support: Disabled
 Compressed Oops: Enabled (32-bit)
 Heap Region Size: 1M
 Heap Min Capacity: 8M
 Heap Initial Capacity: 62M
 Heap Max Capacity: 974M
 Pre-touch: Disabled
 Parallel Workers: 4
 Concurrent Workers: 1
 Concurrent Refinement Workers: 4
 Periodic GC: Disabled
Heap:
 garbage-first heap   total 156672K, used 153732K [0x00000000c3200000, 0x0000000100000000)
  region size 1024K, 13 young (13312K), 1 survivors (1024K)
 Metaspace       used 23550K, committed 23872K, reserved 1114112K
  class space    used 3178K, committed 3328K, reserved 1048576K
GC Heap History (20 events):
Event: 1.102 GC heap before
{Heap before GC invocations=1 (full 0):
 garbage-first heap   total 63488K, used 23176K [0x00000000c3200000, 0x0000000100000000)
  region size 1024K, 24 young (24576K), 2 survivors (2048K)
 Metaspace       used 4915K, committed 5120K, reserved 1114112K
  class space    used 537K, committed 640K, reserved 1048576K
}
Event: 1.108 GC heap after
{Heap after GC invocations=2 (full 0):
 garbage-first heap   total 63488K, used 5877K [0x00000000c3200000, 0x0000000100000000)
  region size 1024K, 3 young (3072K), 3 survivors (3072K)
 Metaspace       used 4915K, committed 5120K, reserved 1114112K
  class space    used 537K, committed 640K, reserved 1048576K
}
Event: 2.263 GC heap before
{Heap before GC invocations=2 (full 0):
 garbage-first heap   total 63488K, used 42741K [0x00000000c3200000, 0x0000000100000000)
  region size 1024K, 37 young (37888K), 3 survivors (3072K)
 Metaspace       used 12401K, committed 12736K, reserved 1114112K
  class space    used 1703K, committed 1856K, reserved 1048576K
}
Event: 2.272 GC heap after
{Heap after GC invocations=3 (full 0):
 garbage-first heap   total 63488K, used 12765K [0x00000000c3200000, 0x0000000100000000)
  region size 1024K, 4 young (4096K), 4 survivors (4096K)
 Metaspace       used 12401K, committed 12736K, reserved 1114112K
  class space    used 1703K, committed 1856K, reserved 1048576K
}
Event: 26.388 GC heap before
{Heap before GC invocations=3 (full 0):
 garbage-first heap   total 63488K, used 53725K [0x00000000c3200000, 0x0000000100000000)
  region size 1024K, 37 young (37888K), 4 survivors (4096K)
 Metaspace       used 19825K, committed 20160K, reserved 1114112K
  class space    used 2704K, committed 2880K, reserved 1048576K
}
Event: 26.394 GC heap after
{Heap after GC invocations=4 (full 0):
 garbage-first heap   total 63488K, used 20979K [0x00000000c3200000, 0x0000000100000000)
  region size 1024K, 4 young (4096K), 4 survivors (4096K)
 Metaspace       used 19825K, committed 20160K, reserved 1114112K
  class space    used 2704K, committed 2880K, reserved 1048576K
}
Event: 26.594 GC heap before
{Heap before GC invocations=4 (full 0):
 garbage-first heap   total 63488K, used 24051K [0x00000000c3200000, 0x0000000100000000)
  region size 1024K, 9 young (9216K), 4 survivors (4096K)
 Metaspace       used 21154K, committed 21504K, reserved 1114112K
  class space    used 2881K, committed 3072K, reserved 1048576K
}
Event: 26.599 GC heap after
{Heap after GC invocations=5 (full 0):
 garbage-first heap   total 63488K, used 21698K [0x00000000c3200000, 0x0000000100000000)
  region size 1024K, 1 young (1024K), 1 survivors (1024K)
 Metaspace       used 21154K, committed 21504K, reserved 1114112K
  class space    used 2881K, committed 3072K, reserved 1048576K
}
Event: 30.243 GC heap before
{Heap before GC invocations=6 (full 0):
 garbage-first heap   total 75776K, used 73922K [0x00000000c3200000, 0x0000000100000000)
  region size 1024K, 15 young (15360K), 1 survivors (1024K)
 Metaspace       used 22558K, committed 22976K, reserved 1114112K
  class space    used 3104K, committed 3264K, reserved 1048576K
}
Event: 30.247 GC heap after
{Heap after GC invocations=7 (full 0):
 garbage-first heap   total 78848K, used 62118K [0x00000000c3200000, 0x0000000100000000)
  region size 1024K, 3 young (3072K), 3 survivors (3072K)
 Metaspace       used 22558K, committed 22976K, reserved 1114112K
  class space    used 3104K, committed 3264K, reserved 1048576K
}
Event: 32.013 GC heap before
{Heap before GC invocations=7 (full 0):
 garbage-first heap   total 93184K, used 90790K [0x00000000c3200000, 0x0000000100000000)
  region size 1024K, 10 young (10240K), 3 survivors (3072K)
 Metaspace       used 22953K, committed 23296K, reserved 1114112K
  class space    used 3152K, committed 3328K, reserved 1048576K
}
Event: 32.018 GC heap after
{Heap after GC invocations=8 (full 0):
 garbage-first heap   total 97280K, used 85057K [0x00000000c3200000, 0x0000000100000000)
  region size 1024K, 1 young (1024K), 1 survivors (1024K)
 Metaspace       used 22953K, committed 23296K, reserved 1114112K
  class space    used 3152K, committed 3328K, reserved 1048576K
}
Event: 33.015 GC heap before
{Heap before GC invocations=8 (full 0):
 garbage-first heap   total 97280K, used 88129K [0x00000000c3200000, 0x0000000100000000)
  region size 1024K, 5 young (5120K), 1 survivors (1024K)
 Metaspace       used 23020K, committed 23360K, reserved 1114112K
  class space    used 3152K, committed 3328K, reserved 1048576K
}
Event: 33.018 GC heap after
{Heap after GC invocations=9 (full 0):
 garbage-first heap   total 97280K, used 85694K [0x00000000c3200000, 0x0000000100000000)
  region size 1024K, 1 young (1024K), 1 survivors (1024K)
 Metaspace       used 23020K, committed 23360K, reserved 1114112K
  class space    used 3152K, committed 3328K, reserved 1048576K
}
Event: 34.197 GC heap before
{Heap before GC invocations=10 (full 0):
 garbage-first heap   total 147456K, used 124606K [0x00000000c3200000, 0x0000000100000000)
  region size 1024K, 7 young (7168K), 1 survivors (1024K)
 Metaspace       used 23215K, committed 23552K, reserved 1114112K
  class space    used 3171K, committed 3328K, reserved 1048576K
}
Event: 34.199 GC heap after
{Heap after GC invocations=11 (full 0):
 garbage-first heap   total 147456K, used 119382K [0x00000000c3200000, 0x0000000100000000)
  region size 1024K, 1 young (1024K), 1 survivors (1024K)
 Metaspace       used 23215K, committed 23552K, reserved 1114112K
  class space    used 3171K, committed 3328K, reserved 1048576K
}
Event: 38.375 GC heap before
{Heap before GC invocations=11 (full 0):
 garbage-first heap   total 151552K, used 151126K [0x00000000c3200000, 0x0000000100000000)
  region size 1024K, 10 young (10240K), 1 survivors (1024K)
 Metaspace       used 23401K, committed 23744K, reserved 1114112K
  class space    used 3177K, committed 3328K, reserved 1048576K
}
Event: 38.379 GC heap after
{Heap after GC invocations=12 (full 0):
 garbage-first heap   total 154624K, used 121899K [0x00000000c3200000, 0x0000000100000000)
  region size 1024K, 2 young (2048K), 2 survivors (2048K)
 Metaspace       used 23401K, committed 23744K, reserved 1114112K
  class space    used 3177K, committed 3328K, reserved 1048576K
}
Event: 39.125 GC heap before
{Heap before GC invocations=12 (full 0):
 garbage-first heap   total 154624K, used 121899K [0x00000000c3200000, 0x0000000100000000)
  region size 1024K, 3 young (3072K), 2 survivors (2048K)
 Metaspace       used 23402K, committed 23744K, reserved 1114112K
  class space    used 3177K, committed 3328K, reserved 1048576K
}
Event: 39.128 GC heap after
{Heap after GC invocations=13 (full 0):
 garbage-first heap   total 154624K, used 121988K [0x00000000c3200000, 0x0000000100000000)
  region size 1024K, 1 young (1024K), 1 survivors (1024K)
 Metaspace       used 23402K, committed 23744K, reserved 1114112K
  class space    used 3177K, committed 3328K, reserved 1048576K
}

