# JRE version: Java(TM) SE Runtime Environment (21.0.5+9) (build 21.0.5+9-LTS-239)
# Java VM: Java HotSpot(TM) 64-Bit Server VM (21.0.5+9-LTS-239, mixed mode, sharing, tiered, compressed oops, compressed class ptrs, g1 gc, windows-amd64)
GC Precious Log:
 CardTable entry size: 512
 Card Set container configuration: InlinePtr #cards 5 size 8 Array Of Cards #cards 12 size 40 Howl #buckets 4 coarsen threshold 1843 Howl Bitmap #cards 512 size 80 coarsen threshold 460 Card regions per heap region 1 cards per card region 2048
 CPUs: 4 total, 4 available
 Memory: 3895M
 Large Page Support: Disabled
 NUMA Support: Disabled
 Compressed Oops: Enabled (32-bit)
 Heap Region Size: 1M
 Heap Min Capacity: 8M
 Heap Initial Capacity: 62M
 Heap Max Capacity: 974M
 Pre-touch: Disabled
 Parallel Workers: 4
 Concurrent Workers: 1
 Concurrent Refinement Workers: 4
 Periodic GC: Disabled
Heap:
 garbage-first heap   total 292864K, used 291033K [0x00000000c3200000, 0x0000000100000000)
  region size 1024K, 31 young (31744K), 3 survivors (3072K)
 Metaspace       used 19325K, committed 19712K, reserved 1114112K
  class space    used 2689K, committed 2880K, reserved 1048576K
GC Heap History (12 events):
Event: 0.437 GC heap before
{Heap before GC invocations=0 (full 0):
 garbage-first heap   total 63488K, used 12288K [0x00000000c3200000, 0x0000000100000000)
  region size 1024K, 13 young (13312K), 0 survivors (0K)
 Metaspace       used 1831K, committed 2048K, reserved 1114112K
  class space    used 183K, committed 256K, reserved 1048576K
}
Event: 0.441 GC heap after
{Heap after GC invocations=1 (full 0):
 garbage-first heap   total 63488K, used 1767K [0x00000000c3200000, 0x0000000100000000)
  region size 1024K, 2 young (2048K), 2 survivors (2048K)
 Metaspace       used 1831K, committed 2048K, reserved 1114112K
  class space    used 183K, committed 256K, reserved 1048576K
}
Event: 1.061 GC heap before
{Heap before GC invocations=1 (full 0):
 garbage-first heap   total 63488K, used 23271K [0x00000000c3200000, 0x0000000100000000)
  region size 1024K, 24 young (24576K), 2 survivors (2048K)
 Metaspace       used 4915K, committed 5120K, reserved 1114112K
  class space    used 538K, committed 640K, reserved 1048576K
}
Event: 1.065 GC heap after
{Heap after GC invocations=2 (full 0):
 garbage-first heap   total 63488K, used 5676K [0x00000000c3200000, 0x0000000100000000)
  region size 1024K, 3 young (3072K), 3 survivors (3072K)
 Metaspace       used 4915K, committed 5120K, reserved 1114112K
  class space    used 538K, committed 640K, reserved 1048576K
}
Event: 1.754 GC heap before
{Heap before GC invocations=2 (full 0):
 garbage-first heap   total 63488K, used 59948K [0x00000000c3200000, 0x0000000100000000)
  region size 1024K, 37 young (37888K), 3 survivors (3072K)
 Metaspace       used 12490K, committed 12800K, reserved 1114112K
  class space    used 1692K, committed 1856K, reserved 1048576K
}
Event: 1.761 GC heap after
{Heap after GC invocations=3 (full 0):
 garbage-first heap   total 69632K, used 31078K [0x00000000c3200000, 0x0000000100000000)
  region size 1024K, 5 young (5120K), 5 survivors (5120K)
 Metaspace       used 12490K, committed 12800K, reserved 1114112K
  class space    used 1692K, committed 1856K, reserved 1048576K
}
Event: 8.451 GC heap before
{Heap before GC invocations=3 (full 0):
 garbage-first heap   total 69632K, used 57702K [0x00000000c3200000, 0x0000000100000000)
  region size 1024K, 30 young (30720K), 5 survivors (5120K)
 Metaspace       used 17589K, committed 17856K, reserved 1114112K
  class space    used 2590K, committed 2688K, reserved 1048576K
}
Event: 8.456 GC heap after
{Heap after GC invocations=4 (full 0):
 garbage-first heap   total 69632K, used 35320K [0x00000000c3200000, 0x0000000100000000)
  region size 1024K, 3 young (3072K), 3 survivors (3072K)
 Metaspace       used 17589K, committed 17856K, reserved 1114112K
  class space    used 2590K, committed 2688K, reserved 1048576K
}
Event: 8.673 GC heap before
{Heap before GC invocations=4 (full 0):
 garbage-first heap   total 69632K, used 36344K [0x00000000c3200000, 0x0000000100000000)
  region size 1024K, 5 young (5120K), 3 survivors (3072K)
 Metaspace       used 17714K, committed 18048K, reserved 1114112K
  class space    used 2607K, committed 2752K, reserved 1048576K
}
Event: 8.677 GC heap after
{Heap after GC invocations=5 (full 0):
 garbage-first heap   total 69632K, used 35142K [0x00000000c3200000, 0x0000000100000000)
  region size 1024K, 3 young (3072K), 3 survivors (3072K)
 Metaspace       used 17714K, committed 18048K, reserved 1114112K
  class space    used 2607K, committed 2752K, reserved 1048576K
}
Event: 20.420 GC heap before
{Heap before GC invocations=6 (full 0):
 garbage-first heap   total 269312K, used 268614K [0x00000000c3200000, 0x0000000100000000)
  region size 1024K, 17 young (17408K), 3 survivors (3072K)
 Metaspace       used 18334K, committed 18752K, reserved 1114112K
  class space    used 2622K, committed 2816K, reserved 1048576K
}
Event: 20.427 GC heap after
{Heap after GC invocations=7 (full 0):
 garbage-first heap   total 274432K, used 152793K [0x00000000c3200000, 0x0000000100000000)
  region size 1024K, 3 young (3072K), 3 survivors (3072K)
 Metaspace       used 18334K, committed 18752K, reserved 1114112K
  class space    used 2622K, committed 2816K, reserved 1048576K
}

