# JRE version: Java(TM) SE Runtime Environment (21.0.5+9) (build 21.0.5+9-LTS-239)
# Java VM: Java HotSpot(TM) 64-Bit Server VM (21.0.5+9-LTS-239, mixed mode, sharing, tiered, compressed oops, compressed class ptrs, g1 gc, windows-amd64)
GC Precious Log:
 CardTable entry size: 512
 Card Set container configuration: InlinePtr #cards 5 size 8 Array Of Cards #cards 12 size 40 Howl #buckets 4 coarsen threshold 1843 Howl Bitmap #cards 512 size 80 coarsen threshold 460 Card regions per heap region 1 cards per card region 2048
 CPUs: 4 total, 4 available
 Memory: 3895M
 Large Page Support: Disabled
 NUMA Support: Disabled
 Compressed Oops: Enabled (32-bit)
 Heap Region Size: 1M
 Heap Min Capacity: 8M
 Heap Initial Capacity: 62M
 Heap Max Capacity: 974M
 Pre-touch: Disabled
 Parallel Workers: 4
 Concurrent Workers: 1
 Concurrent Refinement Workers: 4
 Periodic GC: Disabled
Heap:
 garbage-first heap   total 69632K, used 41862K [0x00000000c3200000, 0x0000000100000000)
  region size 1024K, 7 young (7168K), 3 survivors (3072K)
 Metaspace       used 23401K, committed 23808K, reserved 1114112K
  class space    used 3248K, committed 3456K, reserved 1048576K
GC Heap History (20 events):
Event: 21.851 GC heap before
{Heap before GC invocations=6 (full 0):
 garbage-first heap   total 69632K, used 59963K [0x00000000c3200000, 0x0000000100000000)
  region size 1024K, 28 young (28672K), 3 survivors (3072K)
 Metaspace       used 19101K, committed 19392K, reserved 1114112K
  class space    used 2765K, committed 2880K, reserved 1048576K
}
Event: 21.857 GC heap after
{Heap after GC invocations=7 (full 0):
 garbage-first heap   total 69632K, used 36295K [0x00000000c3200000, 0x0000000100000000)
  region size 1024K, 2 young (2048K), 2 survivors (2048K)
 Metaspace       used 19101K, committed 19392K, reserved 1114112K
  class space    used 2765K, committed 2880K, reserved 1048576K
}
Event: 29.336 GC heap before
{Heap before GC invocations=7 (full 0):
 garbage-first heap   total 69632K, used 61895K [0x00000000c3200000, 0x0000000100000000)
  region size 1024K, 27 young (27648K), 2 survivors (2048K)
 Metaspace       used 19254K, committed 19584K, reserved 1114112K
  class space    used 2769K, committed 2880K, reserved 1048576K
}
Event: 29.352 GC heap after
{Heap after GC invocations=8 (full 0):
 garbage-first heap   total 69632K, used 36151K [0x00000000c3200000, 0x0000000100000000)
  region size 1024K, 2 young (2048K), 2 survivors (2048K)
 Metaspace       used 19254K, committed 19584K, reserved 1114112K
  class space    used 2769K, committed 2880K, reserved 1048576K
}
Event: 32.266 GC heap before
{Heap before GC invocations=8 (full 0):
 garbage-first heap   total 69632K, used 47415K [0x00000000c3200000, 0x0000000100000000)
  region size 1024K, 14 young (14336K), 2 survivors (2048K)
 Metaspace       used 19272K, committed 19584K, reserved 1114112K
  class space    used 2771K, committed 2880K, reserved 1048576K
}
Event: 32.272 GC heap after
{Heap after GC invocations=9 (full 0):
 garbage-first heap   total 69632K, used 36011K [0x00000000c3200000, 0x0000000100000000)
  region size 1024K, 2 young (2048K), 2 survivors (2048K)
 Metaspace       used 19272K, committed 19584K, reserved 1114112K
  class space    used 2771K, committed 2880K, reserved 1048576K
}
Event: 36.112 GC heap before
{Heap before GC invocations=10 (full 0):
 garbage-first heap   total 69632K, used 62635K [0x00000000c3200000, 0x0000000100000000)
  region size 1024K, 28 young (28672K), 2 survivors (2048K)
 Metaspace       used 23274K, committed 23680K, reserved 1114112K
  class space    used 3248K, committed 3456K, reserved 1048576K
}
Event: 36.118 GC heap after
{Heap after GC invocations=11 (full 0):
 garbage-first heap   total 69632K, used 38629K [0x00000000c3200000, 0x0000000100000000)
  region size 1024K, 3 young (3072K), 3 survivors (3072K)
 Metaspace       used 23274K, committed 23680K, reserved 1114112K
  class space    used 3248K, committed 3456K, reserved 1048576K
}
Event: 41.856 GC heap before
{Heap before GC invocations=11 (full 0):
 garbage-first heap   total 69632K, used 62181K [0x00000000c3200000, 0x0000000100000000)
  region size 1024K, 26 young (26624K), 3 survivors (3072K)
 Metaspace       used 23305K, committed 23680K, reserved 1114112K
  class space    used 3248K, committed 3456K, reserved 1048576K
}
Event: 41.873 GC heap after
{Heap after GC invocations=12 (full 0):
 garbage-first heap   total 69632K, used 38708K [0x00000000c3200000, 0x0000000100000000)
  region size 1024K, 2 young (2048K), 2 survivors (2048K)
 Metaspace       used 23305K, committed 23680K, reserved 1114112K
  class space    used 3248K, committed 3456K, reserved 1048576K
}
Event: 48.086 GC heap before
{Heap before GC invocations=12 (full 0):
 garbage-first heap   total 69632K, used 63284K [0x00000000c3200000, 0x0000000100000000)
  region size 1024K, 26 young (26624K), 2 survivors (2048K)
 Metaspace       used 23347K, committed 23744K, reserved 1114112K
  class space    used 3248K, committed 3456K, reserved 1048576K
}
Event: 48.095 GC heap after
{Heap after GC invocations=13 (full 0):
 garbage-first heap   total 69632K, used 38719K [0x00000000c3200000, 0x0000000100000000)
  region size 1024K, 2 young (2048K), 2 survivors (2048K)
 Metaspace       used 23347K, committed 23744K, reserved 1114112K
  class space    used 3248K, committed 3456K, reserved 1048576K
}
Event: 54.156 GC heap before
{Heap before GC invocations=14 (full 0):
 garbage-first heap   total 69632K, used 63295K [0x00000000c3200000, 0x0000000100000000)
  region size 1024K, 26 young (26624K), 2 survivors (2048K)
 Metaspace       used 23351K, committed 23744K, reserved 1114112K
  class space    used 3248K, committed 3456K, reserved 1048576K
}
Event: 54.158 GC heap after
{Heap after GC invocations=15 (full 0):
 garbage-first heap   total 69632K, used 38814K [0x00000000c3200000, 0x0000000100000000)
  region size 1024K, 2 young (2048K), 2 survivors (2048K)
 Metaspace       used 23351K, committed 23744K, reserved 1114112K
  class space    used 3248K, committed 3456K, reserved 1048576K
}
Event: 60.478 GC heap before
{Heap before GC invocations=15 (full 0):
 garbage-first heap   total 69632K, used 63390K [0x00000000c3200000, 0x0000000100000000)
  region size 1024K, 26 young (26624K), 2 survivors (2048K)
 Metaspace       used 23351K, committed 23744K, reserved 1114112K
  class space    used 3248K, committed 3456K, reserved 1048576K
}
Event: 60.489 GC heap after
{Heap after GC invocations=16 (full 0):
 garbage-first heap   total 69632K, used 38545K [0x00000000c3200000, 0x0000000100000000)
  region size 1024K, 2 young (2048K), 2 survivors (2048K)
 Metaspace       used 23351K, committed 23744K, reserved 1114112K
  class space    used 3248K, committed 3456K, reserved 1048576K
}
Event: 66.626 GC heap before
{Heap before GC invocations=16 (full 0):
 garbage-first heap   total 69632K, used 63121K [0x00000000c3200000, 0x0000000100000000)
  region size 1024K, 26 young (26624K), 2 survivors (2048K)
 Metaspace       used 23399K, committed 23808K, reserved 1114112K
  class space    used 3248K, committed 3456K, reserved 1048576K
}
Event: 66.629 GC heap after
{Heap after GC invocations=17 (full 0):
 garbage-first heap   total 69632K, used 38459K [0x00000000c3200000, 0x0000000100000000)
  region size 1024K, 2 young (2048K), 2 survivors (2048K)
 Metaspace       used 23399K, committed 23808K, reserved 1114112K
  class space    used 3248K, committed 3456K, reserved 1048576K
}
Event: 72.849 GC heap before
{Heap before GC invocations=18 (full 0):
 garbage-first heap   total 69632K, used 63035K [0x00000000c3200000, 0x0000000100000000)
  region size 1024K, 26 young (26624K), 2 survivors (2048K)
 Metaspace       used 23401K, committed 23808K, reserved 1114112K
  class space    used 3248K, committed 3456K, reserved 1048576K
}
Event: 72.857 GC heap after
{Heap after GC invocations=19 (full 0):
 garbage-first heap   total 69632K, used 38790K [0x00000000c3200000, 0x0000000100000000)
  region size 1024K, 3 young (3072K), 3 survivors (3072K)
 Metaspace       used 23401K, committed 23808K, reserved 1114112K
  class space    used 3248K, committed 3456K, reserved 1048576K
}

