# JRE version: Java(TM) SE Runtime Environment (21.0.5+9) (build 21.0.5+9-LTS-239)
# Java VM: Java HotSpot(TM) 64-Bit Server VM (21.0.5+9-LTS-239, mixed mode, sharing, tiered, compressed oops, compressed class ptrs, g1 gc, windows-amd64)
GC Precious Log:
 CardTable entry size: 512
 Card Set container configuration: InlinePtr #cards 5 size 8 Array Of Cards #cards 12 size 40 Howl #buckets 4 coarsen threshold 1843 Howl Bitmap #cards 512 size 80 coarsen threshold 460 Card regions per heap region 1 cards per card region 2048
 CPUs: 4 total, 4 available
 Memory: 3895M
 Large Page Support: Disabled
 NUMA Support: Disabled
 Compressed Oops: Enabled (32-bit)
 Heap Region Size: 1M
 Heap Min Capacity: 8M
 Heap Initial Capacity: 62M
 Heap Max Capacity: 974M
 Pre-touch: Disabled
 Parallel Workers: 4
 Concurrent Workers: 1
 Concurrent Refinement Workers: 4
 Periodic GC: Disabled
Heap:
 garbage-first heap   total 122880K, used 89419K [0x00000000c3200000, 0x0000000100000000)
  region size 1024K, 20 young (20480K), 4 survivors (4096K)
 Metaspace       used 21180K, committed 21568K, reserved 1114112K
  class space    used 2945K, committed 3136K, reserved 1048576K
GC Heap History (20 events):
Event: 3.423 GC heap before
{Heap before GC invocations=2 (full 0):
 garbage-first heap   total 63488K, used 50766K [0x00000000c3200000, 0x0000000100000000)
  region size 1024K, 28 young (28672K), 3 survivors (3072K)
 Metaspace       used 10160K, committed 10496K, reserved 1114112K
  class space    used 1301K, committed 1472K, reserved 1048576K
}
Event: 3.429 GC heap after
{Heap after GC invocations=3 (full 0):
 garbage-first heap   total 63488K, used 29426K [0x00000000c3200000, 0x0000000100000000)
  region size 1024K, 4 young (4096K), 4 survivors (4096K)
 Metaspace       used 10160K, committed 10496K, reserved 1114112K
  class space    used 1301K, committed 1472K, reserved 1048576K
}
Event: 3.498 GC heap before
{Heap before GC invocations=3 (full 0):
 garbage-first heap   total 63488K, used 35570K [0x00000000c3200000, 0x0000000100000000)
  region size 1024K, 5 young (5120K), 4 survivors (4096K)
 Metaspace       used 10307K, committed 10624K, reserved 1114112K
  class space    used 1315K, committed 1472K, reserved 1048576K
}
Event: 3.501 GC heap after
{Heap after GC invocations=4 (full 0):
 garbage-first heap   total 63488K, used 36084K [0x00000000c3200000, 0x0000000100000000)
  region size 1024K, 1 young (1024K), 1 survivors (1024K)
 Metaspace       used 10307K, committed 10624K, reserved 1114112K
  class space    used 1315K, committed 1472K, reserved 1048576K
}
Event: 3.524 GC heap before
{Heap before GC invocations=5 (full 0):
 garbage-first heap   total 70656K, used 40180K [0x00000000c3200000, 0x0000000100000000)
  region size 1024K, 2 young (2048K), 1 survivors (1024K)
 Metaspace       used 10307K, committed 10624K, reserved 1114112K
  class space    used 1315K, committed 1472K, reserved 1048576K
}
Event: 3.525 GC heap after
{Heap after GC invocations=6 (full 0):
 garbage-first heap   total 70656K, used 39976K [0x00000000c3200000, 0x0000000100000000)
  region size 1024K, 1 young (1024K), 1 survivors (1024K)
 Metaspace       used 10307K, committed 10624K, reserved 1114112K
  class space    used 1315K, committed 1472K, reserved 1048576K
}
Event: 3.567 GC heap before
{Heap before GC invocations=7 (full 0):
 garbage-first heap   total 76800K, used 44072K [0x00000000c3200000, 0x0000000100000000)
  region size 1024K, 2 young (2048K), 1 survivors (1024K)
 Metaspace       used 10399K, committed 10752K, reserved 1114112K
  class space    used 1327K, committed 1472K, reserved 1048576K
}
Event: 3.568 GC heap after
{Heap after GC invocations=8 (full 0):
 garbage-first heap   total 76800K, used 44126K [0x00000000c3200000, 0x0000000100000000)
  region size 1024K, 1 young (1024K), 1 survivors (1024K)
 Metaspace       used 10399K, committed 10752K, reserved 1114112K
  class space    used 1327K, committed 1472K, reserved 1048576K
}
Event: 3.590 GC heap before
{Heap before GC invocations=9 (full 0):
 garbage-first heap   total 83968K, used 50270K [0x00000000c3200000, 0x0000000100000000)
  region size 1024K, 2 young (2048K), 1 survivors (1024K)
 Metaspace       used 10426K, committed 10752K, reserved 1114112K
  class space    used 1327K, committed 1472K, reserved 1048576K
}
Event: 3.591 GC heap after
{Heap after GC invocations=10 (full 0):
 garbage-first heap   total 83968K, used 50277K [0x00000000c3200000, 0x0000000100000000)
  region size 1024K, 1 young (1024K), 1 survivors (1024K)
 Metaspace       used 10426K, committed 10752K, reserved 1114112K
  class space    used 1327K, committed 1472K, reserved 1048576K
}
Event: 3.611 GC heap before
{Heap before GC invocations=11 (full 0):
 garbage-first heap   total 94208K, used 54373K [0x00000000c3200000, 0x0000000100000000)
  region size 1024K, 2 young (2048K), 1 survivors (1024K)
 Metaspace       used 10445K, committed 10752K, reserved 1114112K
  class space    used 1327K, committed 1472K, reserved 1048576K
}
Event: 3.613 GC heap after
{Heap after GC invocations=12 (full 0):
 garbage-first heap   total 94208K, used 54412K [0x00000000c3200000, 0x0000000100000000)
  region size 1024K, 1 young (1024K), 1 survivors (1024K)
 Metaspace       used 10445K, committed 10752K, reserved 1114112K
  class space    used 1327K, committed 1472K, reserved 1048576K
}
Event: 3.636 GC heap before
{Heap before GC invocations=13 (full 0):
 garbage-first heap   total 101376K, used 58508K [0x00000000c3200000, 0x0000000100000000)
  region size 1024K, 2 young (2048K), 1 survivors (1024K)
 Metaspace       used 10450K, committed 10752K, reserved 1114112K
  class space    used 1327K, committed 1472K, reserved 1048576K
}
Event: 3.637 GC heap after
{Heap after GC invocations=14 (full 0):
 garbage-first heap   total 101376K, used 58501K [0x00000000c3200000, 0x0000000100000000)
  region size 1024K, 1 young (1024K), 1 survivors (1024K)
 Metaspace       used 10450K, committed 10752K, reserved 1114112K
  class space    used 1327K, committed 1472K, reserved 1048576K
}
Event: 3.657 GC heap before
{Heap before GC invocations=15 (full 0):
 garbage-first heap   total 107520K, used 62597K [0x00000000c3200000, 0x0000000100000000)
  region size 1024K, 2 young (2048K), 1 survivors (1024K)
 Metaspace       used 10459K, committed 10816K, reserved 1114112K
  class space    used 1327K, committed 1472K, reserved 1048576K
}
Event: 3.657 GC heap after
{Heap after GC invocations=16 (full 0):
 garbage-first heap   total 107520K, used 62619K [0x00000000c3200000, 0x0000000100000000)
  region size 1024K, 1 young (1024K), 1 survivors (1024K)
 Metaspace       used 10459K, committed 10816K, reserved 1114112K
  class space    used 1327K, committed 1472K, reserved 1048576K
}
Event: 3.694 GC heap before
{Heap before GC invocations=17 (full 0):
 garbage-first heap   total 114688K, used 67739K [0x00000000c3200000, 0x0000000100000000)
  region size 1024K, 3 young (3072K), 1 survivors (1024K)
 Metaspace       used 10699K, committed 11008K, reserved 1114112K
  class space    used 1387K, committed 1536K, reserved 1048576K
}
Event: 3.695 GC heap after
{Heap after GC invocations=18 (full 0):
 garbage-first heap   total 114688K, used 66801K [0x00000000c3200000, 0x0000000100000000)
  region size 1024K, 1 young (1024K), 1 survivors (1024K)
 Metaspace       used 10699K, committed 11008K, reserved 1114112K
  class space    used 1387K, committed 1536K, reserved 1048576K
}
Event: 5.047 GC heap before
{Heap before GC invocations=19 (full 0):
 garbage-first heap   total 117760K, used 99569K [0x00000000c3200000, 0x0000000100000000)
  region size 1024K, 32 young (32768K), 1 survivors (1024K)
 Metaspace       used 16913K, committed 17280K, reserved 1114112K
  class space    used 2542K, committed 2688K, reserved 1048576K
}
Event: 5.052 GC heap after
{Heap after GC invocations=20 (full 0):
 garbage-first heap   total 117760K, used 72011K [0x00000000c3200000, 0x0000000100000000)
  region size 1024K, 4 young (4096K), 4 survivors (4096K)
 Metaspace       used 16913K, committed 17280K, reserved 1114112K
  class space    used 2542K, committed 2688K, reserved 1048576K
}

