# JRE version: Java(TM) SE Runtime Environment (21.0.5+9) (build 21.0.5+9-LTS-239)
# Java VM: Java HotSpot(TM) 64-Bit Server VM (21.0.5+9-LTS-239, mixed mode, sharing, tiered, compressed oops, compressed class ptrs, g1 gc, windows-amd64)
GC Precious Log:
 CardTable entry size: 512
 Card Set container configuration: InlinePtr #cards 5 size 8 Array Of Cards #cards 12 size 40 Howl #buckets 4 coarsen threshold 1843 Howl Bitmap #cards 512 size 80 coarsen threshold 460 Card regions per heap region 1 cards per card region 2048
 CPUs: 4 total, 4 available
 Memory: 3895M
 Large Page Support: Disabled
 NUMA Support: Disabled
 Compressed Oops: Enabled (32-bit)
 Heap Region Size: 1M
 Heap Min Capacity: 8M
 Heap Initial Capacity: 62M
 Heap Max Capacity: 974M
 Pre-touch: Disabled
 Parallel Workers: 4
 Concurrent Workers: 1
 Concurrent Refinement Workers: 4
 Periodic GC: Disabled
Heap:
 garbage-first heap   total 73728K, used 58459K [0x00000000c3200000, 0x0000000100000000)
  region size 1024K, 2 young (2048K), 1 survivors (1024K)
 Metaspace       used 22926K, committed 23296K, reserved 1114112K
  class space    used 3149K, committed 3328K, reserved 1048576K
GC Heap History (16 events):
Event: 0.559 GC heap before
{Heap before GC invocations=0 (full 0):
 garbage-first heap   total 63488K, used 12288K [0x00000000c3200000, 0x0000000100000000)
  region size 1024K, 13 young (13312K), 0 survivors (0K)
 Metaspace       used 1843K, committed 2048K, reserved 1114112K
  class space    used 183K, committed 256K, reserved 1048576K
}
Event: 0.562 GC heap after
{Heap after GC invocations=1 (full 0):
 garbage-first heap   total 63488K, used 1791K [0x00000000c3200000, 0x0000000100000000)
  region size 1024K, 2 young (2048K), 2 survivors (2048K)
 Metaspace       used 1843K, committed 2048K, reserved 1114112K
  class space    used 183K, committed 256K, reserved 1048576K
}
Event: 1.267 GC heap before
{Heap before GC invocations=1 (full 0):
 garbage-first heap   total 63488K, used 23295K [0x00000000c3200000, 0x0000000100000000)
  region size 1024K, 24 young (24576K), 2 survivors (2048K)
 Metaspace       used 4917K, committed 5120K, reserved 1114112K
  class space    used 539K, committed 640K, reserved 1048576K
}
Event: 1.272 GC heap after
{Heap after GC invocations=2 (full 0):
 garbage-first heap   total 63488K, used 5728K [0x00000000c3200000, 0x0000000100000000)
  region size 1024K, 3 young (3072K), 3 survivors (3072K)
 Metaspace       used 4917K, committed 5120K, reserved 1114112K
  class space    used 539K, committed 640K, reserved 1048576K
}
Event: 2.116 GC heap before
{Heap before GC invocations=2 (full 0):
 garbage-first heap   total 63488K, used 42592K [0x00000000c3200000, 0x0000000100000000)
  region size 1024K, 37 young (37888K), 3 survivors (3072K)
 Metaspace       used 12448K, committed 12736K, reserved 1114112K
  class space    used 1708K, committed 1856K, reserved 1048576K
}
Event: 2.124 GC heap after
{Heap after GC invocations=3 (full 0):
 garbage-first heap   total 63488K, used 12459K [0x00000000c3200000, 0x0000000100000000)
  region size 1024K, 4 young (4096K), 4 survivors (4096K)
 Metaspace       used 12448K, committed 12736K, reserved 1114112K
  class space    used 1708K, committed 1856K, reserved 1048576K
}
Event: 19.106 GC heap before
{Heap before GC invocations=3 (full 0):
 garbage-first heap   total 63488K, used 53419K [0x00000000c3200000, 0x0000000100000000)
  region size 1024K, 37 young (37888K), 4 survivors (4096K)
 Metaspace       used 20704K, committed 21056K, reserved 1114112K
  class space    used 2823K, committed 3008K, reserved 1048576K
}
Event: 19.112 GC heap after
{Heap after GC invocations=4 (full 0):
 garbage-first heap   total 63488K, used 21221K [0x00000000c3200000, 0x0000000100000000)
  region size 1024K, 4 young (4096K), 4 survivors (4096K)
 Metaspace       used 20704K, committed 21056K, reserved 1114112K
  class space    used 2823K, committed 3008K, reserved 1048576K
}
Event: 19.159 GC heap before
{Heap before GC invocations=4 (full 0):
 garbage-first heap   total 63488K, used 23269K [0x00000000c3200000, 0x0000000100000000)
  region size 1024K, 7 young (7168K), 4 survivors (4096K)
 Metaspace       used 21176K, committed 21504K, reserved 1114112K
  class space    used 2920K, committed 3072K, reserved 1048576K
}
Event: 19.164 GC heap after
{Heap after GC invocations=5 (full 0):
 garbage-first heap   total 63488K, used 21785K [0x00000000c3200000, 0x0000000100000000)
  region size 1024K, 1 young (1024K), 1 survivors (1024K)
 Metaspace       used 21176K, committed 21504K, reserved 1114112K
  class space    used 2920K, committed 3072K, reserved 1048576K
}
Event: 37.210 GC heap before
{Heap before GC invocations=6 (full 0):
 garbage-first heap   total 63488K, used 62745K [0x00000000c3200000, 0x0000000100000000)
  region size 1024K, 21 young (21504K), 1 survivors (1024K)
 Metaspace       used 22452K, committed 22848K, reserved 1114112K
  class space    used 3086K, committed 3264K, reserved 1048576K
}
Event: 37.214 GC heap after
{Heap after GC invocations=7 (full 0):
 garbage-first heap   total 65536K, used 43662K [0x00000000c3200000, 0x0000000100000000)
  region size 1024K, 2 young (2048K), 2 survivors (2048K)
 Metaspace       used 22452K, committed 22848K, reserved 1114112K
  class space    used 3086K, committed 3264K, reserved 1048576K
}
Event: 38.566 GC heap before
{Heap before GC invocations=7 (full 0):
 garbage-first heap   total 69632K, used 69262K [0x00000000c3200000, 0x0000000100000000)
  region size 1024K, 7 young (7168K), 2 survivors (2048K)
 Metaspace       used 22690K, committed 23040K, reserved 1114112K
  class space    used 3107K, committed 3264K, reserved 1048576K
}
Event: 38.570 GC heap after
{Heap after GC invocations=8 (full 0):
 garbage-first heap   total 73728K, used 64268K [0x00000000c3200000, 0x0000000100000000)
  region size 1024K, 1 young (1024K), 1 survivors (1024K)
 Metaspace       used 22690K, committed 23040K, reserved 1114112K
  class space    used 3107K, committed 3264K, reserved 1048576K
}
Event: 38.607 GC heap before
{Heap before GC invocations=8 (full 0):
 garbage-first heap   total 73728K, used 66316K [0x00000000c3200000, 0x0000000100000000)
  region size 1024K, 3 young (3072K), 1 survivors (1024K)
 Metaspace       used 22924K, committed 23296K, reserved 1114112K
  class space    used 3149K, committed 3328K, reserved 1048576K
}
Event: 38.608 GC heap after
{Heap after GC invocations=9 (full 0):
 garbage-first heap   total 73728K, used 64603K [0x00000000c3200000, 0x0000000100000000)
  region size 1024K, 1 young (1024K), 1 survivors (1024K)
 Metaspace       used 22924K, committed 23296K, reserved 1114112K
  class space    used 3149K, committed 3328K, reserved 1048576K
}

