# JRE version: Java(TM) SE Runtime Environment (21.0.5+9) (build 21.0.5+9-LTS-239)
# Java VM: Java HotSpot(TM) 64-Bit Server VM (21.0.5+9-LTS-239, mixed mode, sharing, tiered, compressed oops, compressed class ptrs, g1 gc, windows-amd64)
GC Precious Log:
 CardTable entry size: 512
 Card Set container configuration: InlinePtr #cards 5 size 8 Array Of Cards #cards 12 size 40 Howl #buckets 4 coarsen threshold 1843 Howl Bitmap #cards 512 size 80 coarsen threshold 460 Card regions per heap region 1 cards per card region 2048
 CPUs: 4 total, 4 available
 Memory: 3895M
 Large Page Support: Disabled
 NUMA Support: Disabled
 Compressed Oops: Enabled (32-bit)
 Heap Region Size: 1M
 Heap Min Capacity: 8M
 Heap Initial Capacity: 62M
 Heap Max Capacity: 974M
 Pre-touch: Disabled
 Parallel Workers: 4
 Concurrent Workers: 1
 Concurrent Refinement Workers: 4
 Periodic GC: Disabled
Heap:
 garbage-first heap   total 201728K, used 176899K [0x00000000c3200000, 0x0000000100000000)
  region size 1024K, 2 young (2048K), 1 survivors (1024K)
 Metaspace       used 23327K, committed 23680K, reserved 1114112K
  class space    used 3181K, committed 3328K, reserved 1048576K
GC Heap History (20 events):
Event: 1.164 GC heap before
{Heap before GC invocations=1 (full 0):
 garbage-first heap   total 63488K, used 24295K [0x00000000c3200000, 0x0000000100000000)
  region size 1024K, 25 young (25600K), 2 survivors (2048K)
 Metaspace       used 4917K, committed 5120K, reserved 1114112K
  class space    used 539K, committed 640K, reserved 1048576K
}
Event: 1.169 GC heap after
{Heap after GC invocations=2 (full 0):
 garbage-first heap   total 63488K, used 5694K [0x00000000c3200000, 0x0000000100000000)
  region size 1024K, 4 young (4096K), 4 survivors (4096K)
 Metaspace       used 4917K, committed 5120K, reserved 1114112K
  class space    used 539K, committed 640K, reserved 1048576K
}
Event: 1.893 GC heap before
{Heap before GC invocations=2 (full 0):
 garbage-first heap   total 63488K, used 41534K [0x00000000c3200000, 0x0000000100000000)
  region size 1024K, 37 young (37888K), 4 survivors (4096K)
 Metaspace       used 12420K, committed 12800K, reserved 1114112K
  class space    used 1704K, committed 1856K, reserved 1048576K
}
Event: 1.908 GC heap after
{Heap after GC invocations=3 (full 0):
 garbage-first heap   total 63488K, used 12479K [0x00000000c3200000, 0x0000000100000000)
  region size 1024K, 4 young (4096K), 4 survivors (4096K)
 Metaspace       used 12420K, committed 12800K, reserved 1114112K
  class space    used 1704K, committed 1856K, reserved 1048576K
}
Event: 36.200 GC heap before
{Heap before GC invocations=3 (full 0):
 garbage-first heap   total 63488K, used 53439K [0x00000000c3200000, 0x0000000100000000)
  region size 1024K, 37 young (37888K), 4 survivors (4096K)
 Metaspace       used 20113K, committed 20480K, reserved 1114112K
  class space    used 2750K, committed 2944K, reserved 1048576K
}
Event: 36.207 GC heap after
{Heap after GC invocations=4 (full 0):
 garbage-first heap   total 64512K, used 22027K [0x00000000c3200000, 0x0000000100000000)
  region size 1024K, 5 young (5120K), 5 survivors (5120K)
 Metaspace       used 20113K, committed 20480K, reserved 1114112K
  class space    used 2750K, committed 2944K, reserved 1048576K
}
Event: 36.333 GC heap before
{Heap before GC invocations=4 (full 0):
 garbage-first heap   total 64512K, used 25099K [0x00000000c3200000, 0x0000000100000000)
  region size 1024K, 9 young (9216K), 5 survivors (5120K)
 Metaspace       used 21184K, committed 21504K, reserved 1114112K
  class space    used 2912K, committed 3072K, reserved 1048576K
}
Event: 36.337 GC heap after
{Heap after GC invocations=5 (full 0):
 garbage-first heap   total 64512K, used 22638K [0x00000000c3200000, 0x0000000100000000)
  region size 1024K, 1 young (1024K), 1 survivors (1024K)
 Metaspace       used 21184K, committed 21504K, reserved 1114112K
  class space    used 2912K, committed 3072K, reserved 1048576K
}
Event: 43.568 GC heap before
{Heap before GC invocations=6 (full 0):
 garbage-first heap   total 64512K, used 63598K [0x00000000c3200000, 0x0000000100000000)
  region size 1024K, 21 young (21504K), 1 survivors (1024K)
 Metaspace       used 22449K, committed 22784K, reserved 1114112K
  class space    used 3093K, committed 3264K, reserved 1048576K
}
Event: 43.572 GC heap after
{Heap after GC invocations=7 (full 0):
 garbage-first heap   total 66560K, used 44152K [0x00000000c3200000, 0x0000000100000000)
  region size 1024K, 2 young (2048K), 2 survivors (2048K)
 Metaspace       used 22449K, committed 22784K, reserved 1114112K
  class space    used 3093K, committed 3264K, reserved 1048576K
}
Event: 47.303 GC heap before
{Heap before GC invocations=7 (full 0):
 garbage-first heap   total 76800K, used 75896K [0x00000000c3200000, 0x0000000100000000)
  region size 1024K, 13 young (13312K), 2 survivors (2048K)
 Metaspace       used 22685K, committed 23040K, reserved 1114112K
  class space    used 3116K, committed 3264K, reserved 1048576K
}
Event: 47.306 GC heap after
{Heap after GC invocations=8 (full 0):
 garbage-first heap   total 79872K, used 64495K [0x00000000c3200000, 0x0000000100000000)
  region size 1024K, 1 young (1024K), 1 survivors (1024K)
 Metaspace       used 22685K, committed 23040K, reserved 1114112K
  class space    used 3116K, committed 3264K, reserved 1048576K
}
Event: 48.702 GC heap before
{Heap before GC invocations=8 (full 0):
 garbage-first heap   total 79872K, used 67567K [0x00000000c3200000, 0x0000000100000000)
  region size 1024K, 5 young (5120K), 1 survivors (1024K)
 Metaspace       used 22927K, committed 23296K, reserved 1114112K
  class space    used 3156K, committed 3328K, reserved 1048576K
}
Event: 48.706 GC heap after
{Heap after GC invocations=9 (full 0):
 garbage-first heap   total 79872K, used 64897K [0x00000000c3200000, 0x0000000100000000)
  region size 1024K, 1 young (1024K), 1 survivors (1024K)
 Metaspace       used 22927K, committed 23296K, reserved 1114112K
  class space    used 3156K, committed 3328K, reserved 1048576K
}
Event: 50.115 GC heap before
{Heap before GC invocations=10 (full 0):
 garbage-first heap   total 111616K, used 102785K [0x00000000c3200000, 0x0000000100000000)
  region size 1024K, 8 young (8192K), 1 survivors (1024K)
 Metaspace       used 23173K, committed 23552K, reserved 1114112K
  class space    used 3177K, committed 3328K, reserved 1048576K
}
Event: 50.118 GC heap after
{Heap after GC invocations=11 (full 0):
 garbage-first heap   total 111616K, used 96565K [0x00000000c3200000, 0x0000000100000000)
  region size 1024K, 1 young (1024K), 1 survivors (1024K)
 Metaspace       used 23173K, committed 23552K, reserved 1114112K
  class space    used 3177K, committed 3328K, reserved 1048576K
}
Event: 51.550 GC heap before
{Heap before GC invocations=11 (full 0):
 garbage-first heap   total 196608K, used 194869K [0x00000000c3200000, 0x0000000100000000)
  region size 1024K, 7 young (7168K), 1 survivors (1024K)
 Metaspace       used 23324K, committed 23680K, reserved 1114112K
  class space    used 3181K, committed 3328K, reserved 1048576K
}
Event: 51.558 GC heap after
{Heap after GC invocations=12 (full 0):
 garbage-first heap   total 199680K, used 191387K [0x00000000c3200000, 0x0000000100000000)
  region size 1024K, 2 young (2048K), 2 survivors (2048K)
 Metaspace       used 23324K, committed 23680K, reserved 1114112K
  class space    used 3181K, committed 3328K, reserved 1048576K
}
Event: 51.563 GC heap before
{Heap before GC invocations=12 (full 0):
 garbage-first heap   total 199680K, used 191387K [0x00000000c3200000, 0x0000000100000000)
  region size 1024K, 3 young (3072K), 2 survivors (2048K)
 Metaspace       used 23325K, committed 23680K, reserved 1114112K
  class space    used 3181K, committed 3328K, reserved 1048576K
}
Event: 51.566 GC heap after
{Heap after GC invocations=13 (full 0):
 garbage-first heap   total 199680K, used 191235K [0x00000000c3200000, 0x0000000100000000)
  region size 1024K, 1 young (1024K), 1 survivors (1024K)
 Metaspace       used 23325K, committed 23680K, reserved 1114112K
  class space    used 3181K, committed 3328K, reserved 1048576K
}

