# JRE version: Java(TM) SE Runtime Environment (21.0.5+9) (build 21.0.5+9-LTS-239)
# Java VM: Java HotSpot(TM) 64-Bit Server VM (21.0.5+9-LTS-239, mixed mode, sharing, tiered, compressed oops, compressed class ptrs, g1 gc, windows-amd64)
GC Precious Log:
 CardTable entry size: 512
 Card Set container configuration: InlinePtr #cards 5 size 8 Array Of Cards #cards 12 size 40 Howl #buckets 4 coarsen threshold 1843 Howl Bitmap #cards 512 size 80 coarsen threshold 460 Card regions per heap region 1 cards per card region 2048
 CPUs: 4 total, 4 available
 Memory: 3895M
 Large Page Support: Disabled
 NUMA Support: Disabled
 Compressed Oops: Enabled (32-bit)
 Heap Region Size: 1M
 Heap Min Capacity: 8M
 Heap Initial Capacity: 62M
 Heap Max Capacity: 974M
 Pre-touch: Disabled
 Parallel Workers: 4
 Concurrent Workers: 1
 Concurrent Refinement Workers: 4
 Periodic GC: Disabled
Heap:
 garbage-first heap   total 379904K, used 271273K [0x00000000c3200000, 0x0000000100000000)
  region size 1024K, 15 young (15360K), 2 survivors (2048K)
 Metaspace       used 25107K, committed 25536K, reserved 1114112K
  class space    used 3444K, committed 3648K, reserved 1048576K
GC Heap History (20 events):
Event: 14.554 GC heap before
{Heap before GC invocations=7 (full 0):
 garbage-first heap   total 84992K, used 83840K [0x00000000c3200000, 0x0000000100000000)
  region size 1024K, 3 young (3072K), 1 survivors (1024K)
 Metaspace       used 21723K, committed 22080K, reserved 1114112K
  class space    used 2983K, committed 3136K, reserved 1048576K
}
Event: 14.556 GC heap after
{Heap after GC invocations=8 (full 0):
 garbage-first heap   total 87040K, used 81824K [0x00000000c3200000, 0x0000000100000000)
  region size 1024K, 1 young (1024K), 1 survivors (1024K)
 Metaspace       used 21723K, committed 22080K, reserved 1114112K
  class space    used 2983K, committed 3136K, reserved 1048576K
}
Event: 14.610 GC heap before
{Heap before GC invocations=8 (full 0):
 garbage-first heap   total 87040K, used 84896K [0x00000000c3200000, 0x0000000100000000)
  region size 1024K, 4 young (4096K), 1 survivors (1024K)
 Metaspace       used 22134K, committed 22528K, reserved 1114112K
  class space    used 3063K, committed 3264K, reserved 1048576K
}
Event: 14.611 GC heap after
{Heap after GC invocations=9 (full 0):
 garbage-first heap   total 87040K, used 82224K [0x00000000c3200000, 0x0000000100000000)
  region size 1024K, 1 young (1024K), 1 survivors (1024K)
 Metaspace       used 22134K, committed 22528K, reserved 1114112K
  class space    used 3063K, committed 3264K, reserved 1048576K
}
Event: 14.777 GC heap before
{Heap before GC invocations=10 (full 0):
 garbage-first heap   total 140288K, used 85296K [0x00000000c3200000, 0x0000000100000000)
  region size 1024K, 4 young (4096K), 1 survivors (1024K)
 Metaspace       used 22431K, committed 22784K, reserved 1114112K
  class space    used 3097K, committed 3264K, reserved 1048576K
}
Event: 14.780 GC heap after
{Heap after GC invocations=11 (full 0):
 garbage-first heap   total 140288K, used 82775K [0x00000000c3200000, 0x0000000100000000)
  region size 1024K, 1 young (1024K), 1 survivors (1024K)
 Metaspace       used 22431K, committed 22784K, reserved 1114112K
  class space    used 3097K, committed 3264K, reserved 1048576K
}
Event: 31.258 GC heap before
{Heap before GC invocations=11 (full 0):
 garbage-first heap   total 156672K, used 156503K [0x00000000c3200000, 0x0000000100000000)
  region size 1024K, 15 young (15360K), 1 survivors (1024K)
 Metaspace       used 22727K, committed 23168K, reserved 1114112K
  class space    used 3110K, committed 3328K, reserved 1048576K
}
Event: 31.261 GC heap after
{Heap after GC invocations=12 (full 0):
 garbage-first heap   total 159744K, used 142694K [0x00000000c3200000, 0x0000000100000000)
  region size 1024K, 2 young (2048K), 2 survivors (2048K)
 Metaspace       used 22727K, committed 23168K, reserved 1114112K
  class space    used 3110K, committed 3328K, reserved 1048576K
}
Event: 31.934 GC heap before
{Heap before GC invocations=12 (full 0):
 garbage-first heap   total 159744K, used 147814K [0x00000000c3200000, 0x0000000100000000)
  region size 1024K, 7 young (7168K), 2 survivors (2048K)
 Metaspace       used 22886K, committed 23296K, reserved 1114112K
  class space    used 3126K, committed 3328K, reserved 1048576K
}
Event: 31.938 GC heap after
{Heap after GC invocations=13 (full 0):
 garbage-first heap   total 159744K, used 143452K [0x00000000c3200000, 0x0000000100000000)
  region size 1024K, 1 young (1024K), 1 survivors (1024K)
 Metaspace       used 22886K, committed 23296K, reserved 1114112K
  class space    used 3126K, committed 3328K, reserved 1048576K
}
Event: 35.309 GC heap before
{Heap before GC invocations=14 (full 0):
 garbage-first heap   total 245760K, used 214108K [0x00000000c3200000, 0x0000000100000000)
  region size 1024K, 12 young (12288K), 1 survivors (1024K)
 Metaspace       used 23325K, committed 23680K, reserved 1114112K
  class space    used 3159K, committed 3328K, reserved 1048576K
}
Event: 35.319 GC heap after
{Heap after GC invocations=15 (full 0):
 garbage-first heap   total 245760K, used 204099K [0x00000000c3200000, 0x0000000100000000)
  region size 1024K, 2 young (2048K), 2 survivors (2048K)
 Metaspace       used 23325K, committed 23680K, reserved 1114112K
  class space    used 3159K, committed 3328K, reserved 1048576K
}
Event: 37.341 GC heap before
{Heap before GC invocations=15 (full 0):
 garbage-first heap   total 274432K, used 273731K [0x00000000c3200000, 0x0000000100000000)
  region size 1024K, 12 young (12288K), 2 survivors (2048K)
 Metaspace       used 23528K, committed 23936K, reserved 1114112K
  class space    used 3197K, committed 3392K, reserved 1048576K
}
Event: 37.349 GC heap after
{Heap after GC invocations=16 (full 0):
 garbage-first heap   total 278528K, used 228915K [0x00000000c3200000, 0x0000000100000000)
  region size 1024K, 3 young (3072K), 3 survivors (3072K)
 Metaspace       used 23528K, committed 23936K, reserved 1114112K
  class space    used 3197K, committed 3392K, reserved 1048576K
}
Event: 38.482 GC heap before
{Heap before GC invocations=16 (full 0):
 garbage-first heap   total 278528K, used 233011K [0x00000000c3200000, 0x0000000100000000)
  region size 1024K, 8 young (8192K), 3 survivors (3072K)
 Metaspace       used 23569K, committed 23936K, reserved 1114112K
  class space    used 3197K, committed 3392K, reserved 1048576K
}
Event: 38.488 GC heap after
{Heap after GC invocations=17 (full 0):
 garbage-first heap   total 278528K, used 198430K [0x00000000c3200000, 0x0000000100000000)
  region size 1024K, 2 young (2048K), 2 survivors (2048K)
 Metaspace       used 23569K, committed 23936K, reserved 1114112K
  class space    used 3197K, committed 3392K, reserved 1048576K
}
Event: 38.495 GC heap before
{Heap before GC invocations=17 (full 0):
 garbage-first heap   total 278528K, used 200478K [0x00000000c3200000, 0x0000000100000000)
  region size 1024K, 3 young (3072K), 2 survivors (2048K)
 Metaspace       used 23571K, committed 23936K, reserved 1114112K
  class space    used 3197K, committed 3392K, reserved 1048576K
}
Event: 38.499 GC heap after
{Heap after GC invocations=18 (full 0):
 garbage-first heap   total 278528K, used 200336K [0x00000000c3200000, 0x0000000100000000)
  region size 1024K, 2 young (2048K), 2 survivors (2048K)
 Metaspace       used 23571K, committed 23936K, reserved 1114112K
  class space    used 3197K, committed 3392K, reserved 1048576K
}
Event: 46.138 GC heap before
{Heap before GC invocations=19 (full 0):
 garbage-first heap   total 377856K, used 376464K [0x00000000c3200000, 0x0000000100000000)
  region size 1024K, 28 young (28672K), 2 survivors (2048K)
 Metaspace       used 25022K, committed 25472K, reserved 1114112K
  class space    used 3443K, committed 3648K, reserved 1048576K
}
Event: 46.150 GC heap after
{Heap after GC invocations=20 (full 0):
 garbage-first heap   total 379904K, used 143273K [0x00000000c3200000, 0x0000000100000000)
  region size 1024K, 2 young (2048K), 2 survivors (2048K)
 Metaspace       used 25022K, committed 25472K, reserved 1114112K
  class space    used 3443K, committed 3648K, reserved 1048576K
}

