# JRE version: Java(TM) SE Runtime Environment (21.0.5+9) (build 21.0.5+9-LTS-239)
# Java VM: Java HotSpot(TM) 64-Bit Server VM (21.0.5+9-LTS-239, mixed mode, sharing, tiered, compressed oops, compressed class ptrs, g1 gc, windows-amd64)
GC Precious Log:
 CardTable entry size: 512
 Card Set container configuration: InlinePtr #cards 5 size 8 Array Of Cards #cards 12 size 40 Howl #buckets 4 coarsen threshold 1843 Howl Bitmap #cards 512 size 80 coarsen threshold 460 Card regions per heap region 1 cards per card region 2048
 CPUs: 4 total, 4 available
 Memory: 3895M
 Large Page Support: Disabled
 NUMA Support: Disabled
 Compressed Oops: Enabled (32-bit)
 Heap Region Size: 1M
 Heap Min Capacity: 8M
 Heap Initial Capacity: 62M
 Heap Max Capacity: 974M
 Pre-touch: Disabled
 Parallel Workers: 4
 Concurrent Workers: 1
 Concurrent Refinement Workers: 4
 Periodic GC: Disabled
Heap:
 garbage-first heap   total 178176K, used 140867K [0x00000000c3200000, 0x0000000100000000)
  region size 1024K, 4 young (4096K), 3 survivors (3072K)
 Metaspace       used 18943K, committed 19328K, reserved 1114112K
  class space    used 2626K, committed 2816K, reserved 1048576K
GC Heap History (14 events):
Event: 0.413 GC heap before
{Heap before GC invocations=0 (full 0):
 garbage-first heap   total 63488K, used 12288K [0x00000000c3200000, 0x0000000100000000)
  region size 1024K, 13 young (13312K), 0 survivors (0K)
 Metaspace       used 1839K, committed 2048K, reserved 1114112K
  class space    used 182K, committed 256K, reserved 1048576K
}
Event: 0.416 GC heap after
{Heap after GC invocations=1 (full 0):
 garbage-first heap   total 63488K, used 1767K [0x00000000c3200000, 0x0000000100000000)
  region size 1024K, 2 young (2048K), 2 survivors (2048K)
 Metaspace       used 1839K, committed 2048K, reserved 1114112K
  class space    used 182K, committed 256K, reserved 1048576K
}
Event: 0.985 GC heap before
{Heap before GC invocations=1 (full 0):
 garbage-first heap   total 63488K, used 23271K [0x00000000c3200000, 0x0000000100000000)
  region size 1024K, 24 young (24576K), 2 survivors (2048K)
 Metaspace       used 4914K, committed 5120K, reserved 1114112K
  class space    used 538K, committed 640K, reserved 1048576K
}
Event: 0.989 GC heap after
{Heap after GC invocations=2 (full 0):
 garbage-first heap   total 63488K, used 5893K [0x00000000c3200000, 0x0000000100000000)
  region size 1024K, 3 young (3072K), 3 survivors (3072K)
 Metaspace       used 4914K, committed 5120K, reserved 1114112K
  class space    used 538K, committed 640K, reserved 1048576K
}
Event: 1.741 GC heap before
{Heap before GC invocations=2 (full 0):
 garbage-first heap   total 63488K, used 39685K [0x00000000c3200000, 0x0000000100000000)
  region size 1024K, 37 young (37888K), 3 survivors (3072K)
 Metaspace       used 12308K, committed 12608K, reserved 1114112K
  class space    used 1643K, committed 1792K, reserved 1048576K
}
Event: 1.752 GC heap after
{Heap after GC invocations=3 (full 0):
 garbage-first heap   total 63488K, used 9661K [0x00000000c3200000, 0x0000000100000000)
  region size 1024K, 5 young (5120K), 5 survivors (5120K)
 Metaspace       used 12308K, committed 12608K, reserved 1114112K
  class space    used 1643K, committed 1792K, reserved 1048576K
}
Event: 5.955 GC heap before
{Heap before GC invocations=3 (full 0):
 garbage-first heap   total 63488K, used 62909K [0x00000000c3200000, 0x0000000100000000)
  region size 1024K, 35 young (35840K), 5 survivors (5120K)
 Metaspace       used 18004K, committed 18368K, reserved 1114112K
  class space    used 2615K, committed 2816K, reserved 1048576K
}
Event: 5.963 GC heap after
{Heap after GC invocations=4 (full 0):
 garbage-first heap   total 72704K, used 35941K [0x00000000c3200000, 0x0000000100000000)
  region size 1024K, 4 young (4096K), 4 survivors (4096K)
 Metaspace       used 18004K, committed 18368K, reserved 1114112K
  class space    used 2615K, committed 2816K, reserved 1048576K
}
Event: 10.458 GC heap before
{Heap before GC invocations=4 (full 0):
 garbage-first heap   total 72704K, used 44133K [0x00000000c3200000, 0x0000000100000000)
  region size 1024K, 13 young (13312K), 4 survivors (4096K)
 Metaspace       used 18419K, committed 18816K, reserved 1114112K
  class space    used 2618K, committed 2816K, reserved 1048576K
}
Event: 10.465 GC heap after
{Heap after GC invocations=5 (full 0):
 garbage-first heap   total 72704K, used 37038K [0x00000000c3200000, 0x0000000100000000)
  region size 1024K, 2 young (2048K), 2 survivors (2048K)
 Metaspace       used 18419K, committed 18816K, reserved 1114112K
  class space    used 2618K, committed 2816K, reserved 1048576K
}
Event: 13.704 GC heap before
{Heap before GC invocations=6 (full 0):
 garbage-first heap   total 89088K, used 88238K [0x00000000c3200000, 0x0000000100000000)
  region size 1024K, 14 young (14336K), 2 survivors (2048K)
 Metaspace       used 18677K, committed 19072K, reserved 1114112K
  class space    used 2619K, committed 2816K, reserved 1048576K
}
Event: 13.706 GC heap after
{Heap after GC invocations=7 (full 0):
 garbage-first heap   total 91136K, used 55569K [0x00000000c3200000, 0x0000000100000000)
  region size 1024K, 2 young (2048K), 2 survivors (2048K)
 Metaspace       used 18677K, committed 19072K, reserved 1114112K
  class space    used 2619K, committed 2816K, reserved 1048576K
}
Event: 30.163 GC heap before
{Heap before GC invocations=7 (full 0):
 garbage-first heap   total 174080K, used 172305K [0x00000000c3200000, 0x0000000100000000)
  region size 1024K, 14 young (14336K), 2 survivors (2048K)
 Metaspace       used 18924K, committed 19328K, reserved 1114112K
  class space    used 2625K, committed 2816K, reserved 1048576K
}
Event: 30.170 GC heap after
{Heap after GC invocations=8 (full 0):
 garbage-first heap   total 178176K, used 140867K [0x00000000c3200000, 0x0000000100000000)
  region size 1024K, 3 young (3072K), 3 survivors (3072K)
 Metaspace       used 18924K, committed 19328K, reserved 1114112K
  class space    used 2625K, committed 2816K, reserved 1048576K
}

