# JRE version: Java(TM) SE Runtime Environment (21.0.5+9) (build 21.0.5+9-LTS-239)
# Java VM: Java HotSpot(TM) 64-Bit Server VM (21.0.5+9-LTS-239, mixed mode, sharing, tiered, compressed oops, compressed class ptrs, g1 gc, windows-amd64)
GC Precious Log:
 CardTable entry size: 512
 Card Set container configuration: InlinePtr #cards 5 size 8 Array Of Cards #cards 12 size 40 Howl #buckets 4 coarsen threshold 1843 Howl Bitmap #cards 512 size 80 coarsen threshold 460 Card regions per heap region 1 cards per card region 2048
 CPUs: 4 total, 4 available
 Memory: 3895M
 Large Page Support: Disabled
 NUMA Support: Disabled
 Compressed Oops: Enabled (32-bit)
 Heap Region Size: 1M
 Heap Min Capacity: 8M
 Heap Initial Capacity: 62M
 Heap Max Capacity: 974M
 Pre-touch: Disabled
 Parallel Workers: 4
 Concurrent Workers: 1
 Concurrent Refinement Workers: 4
 Periodic GC: Disabled
Heap:
 garbage-first heap   total 154624K, used 117629K [0x00000000c3200000, 0x0000000100000000)
  region size 1024K, 8 young (8192K), 1 survivors (1024K)
 Metaspace       used 18223K, committed 18560K, reserved 1114112K
  class space    used 2621K, committed 2816K, reserved 1048576K
GC Heap History (20 events):
Event: 0.487 GC heap before
{Heap before GC invocations=0 (full 0):
 garbage-first heap   total 63488K, used 13312K [0x00000000c3200000, 0x0000000100000000)
  region size 1024K, 13 young (13312K), 0 survivors (0K)
 Metaspace       used 1833K, committed 2048K, reserved 1114112K
  class space    used 181K, committed 256K, reserved 1048576K
}
Event: 0.491 GC heap after
{Heap after GC invocations=1 (full 0):
 garbage-first heap   total 63488K, used 1792K [0x00000000c3200000, 0x0000000100000000)
  region size 1024K, 2 young (2048K), 2 survivors (2048K)
 Metaspace       used 1833K, committed 2048K, reserved 1114112K
  class space    used 181K, committed 256K, reserved 1048576K
}
Event: 0.972 GC heap before
{Heap before GC invocations=1 (full 0):
 garbage-first heap   total 63488K, used 19200K [0x00000000c3200000, 0x0000000100000000)
  region size 1024K, 20 young (20480K), 2 survivors (2048K)
 Metaspace       used 4860K, committed 5056K, reserved 1114112K
  class space    used 539K, committed 640K, reserved 1048576K
}
Event: 0.977 GC heap after
{Heap after GC invocations=2 (full 0):
 garbage-first heap   total 63488K, used 5249K [0x00000000c3200000, 0x0000000100000000)
  region size 1024K, 3 young (3072K), 3 survivors (3072K)
 Metaspace       used 4860K, committed 5056K, reserved 1114112K
  class space    used 539K, committed 640K, reserved 1048576K
}
Event: 2.081 GC heap before
{Heap before GC invocations=2 (full 0):
 garbage-first heap   total 63488K, used 52353K [0x00000000c3200000, 0x0000000100000000)
  region size 1024K, 31 young (31744K), 3 survivors (3072K)
 Metaspace       used 10162K, committed 10496K, reserved 1114112K
  class space    used 1302K, committed 1472K, reserved 1048576K
}
Event: 2.088 GC heap after
{Heap after GC invocations=3 (full 0):
 garbage-first heap   total 63488K, used 29761K [0x00000000c3200000, 0x0000000100000000)
  region size 1024K, 4 young (4096K), 4 survivors (4096K)
 Metaspace       used 10162K, committed 10496K, reserved 1114112K
  class space    used 1302K, committed 1472K, reserved 1048576K
}
Event: 2.339 GC heap before
{Heap before GC invocations=3 (full 0):
 garbage-first heap   total 63488K, used 35905K [0x00000000c3200000, 0x0000000100000000)
  region size 1024K, 5 young (5120K), 4 survivors (4096K)
 Metaspace       used 10331K, committed 10624K, reserved 1114112K
  class space    used 1318K, committed 1472K, reserved 1048576K
}
Event: 2.343 GC heap after
{Heap after GC invocations=4 (full 0):
 garbage-first heap   total 63488K, used 36394K [0x00000000c3200000, 0x0000000100000000)
  region size 1024K, 1 young (1024K), 1 survivors (1024K)
 Metaspace       used 10331K, committed 10624K, reserved 1114112K
  class space    used 1318K, committed 1472K, reserved 1048576K
}
Event: 2.617 GC heap before
{Heap before GC invocations=5 (full 0):
 garbage-first heap   total 72704K, used 72234K [0x00000000c3200000, 0x0000000100000000)
  region size 1024K, 4 young (4096K), 1 survivors (1024K)
 Metaspace       used 10720K, committed 11008K, reserved 1114112K
  class space    used 1390K, committed 1536K, reserved 1048576K
}
Event: 2.618 GC heap after
{Heap after GC invocations=6 (full 0):
 garbage-first heap   total 73728K, used 69030K [0x00000000c3200000, 0x0000000100000000)
  region size 1024K, 1 young (1024K), 1 survivors (1024K)
 Metaspace       used 10720K, committed 11008K, reserved 1114112K
  class space    used 1390K, committed 1536K, reserved 1048576K
}
Event: 2.640 GC heap before
{Heap before GC invocations=6 (full 0):
 garbage-first heap   total 73728K, used 71078K [0x00000000c3200000, 0x0000000100000000)
  region size 1024K, 3 young (3072K), 1 survivors (1024K)
 Metaspace       used 11055K, committed 11392K, reserved 1114112K
  class space    used 1485K, committed 1600K, reserved 1048576K
}
Event: 2.641 GC heap after
{Heap after GC invocations=7 (full 0):
 garbage-first heap   total 73728K, used 68816K [0x00000000c3200000, 0x0000000100000000)
  region size 1024K, 1 young (1024K), 1 survivors (1024K)
 Metaspace       used 11055K, committed 11392K, reserved 1114112K
  class space    used 1485K, committed 1600K, reserved 1048576K
}
Event: 2.702 GC heap before
{Heap before GC invocations=7 (full 0):
 garbage-first heap   total 73728K, used 69840K [0x00000000c3200000, 0x0000000100000000)
  region size 1024K, 3 young (3072K), 1 survivors (1024K)
 Metaspace       used 11694K, committed 11968K, reserved 1114112K
  class space    used 1566K, committed 1728K, reserved 1048576K
}
Event: 2.704 GC heap after
{Heap after GC invocations=8 (full 0):
 garbage-first heap   total 73728K, used 69267K [0x00000000c3200000, 0x0000000100000000)
  region size 1024K, 1 young (1024K), 1 survivors (1024K)
 Metaspace       used 11694K, committed 11968K, reserved 1114112K
  class space    used 1566K, committed 1728K, reserved 1048576K
}
Event: 2.753 GC heap before
{Heap before GC invocations=9 (full 0):
 garbage-first heap   total 117760K, used 70291K [0x00000000c3200000, 0x0000000100000000)
  region size 1024K, 3 young (3072K), 1 survivors (1024K)
 Metaspace       used 12097K, committed 12416K, reserved 1114112K
  class space    used 1633K, committed 1792K, reserved 1048576K
}
Event: 2.756 GC heap after
{Heap after GC invocations=10 (full 0):
 garbage-first heap   total 117760K, used 69596K [0x00000000c3200000, 0x0000000100000000)
  region size 1024K, 1 young (1024K), 1 survivors (1024K)
 Metaspace       used 12097K, committed 12416K, reserved 1114112K
  class space    used 1633K, committed 1792K, reserved 1048576K
}
Event: 6.569 GC heap before
{Heap before GC invocations=10 (full 0):
 garbage-first heap   total 117760K, used 109532K [0x00000000c3200000, 0x0000000100000000)
  region size 1024K, 31 young (31744K), 1 survivors (1024K)
 Metaspace       used 17875K, committed 18240K, reserved 1114112K
  class space    used 2611K, committed 2752K, reserved 1048576K
}
Event: 6.579 GC heap after
{Heap after GC invocations=11 (full 0):
 garbage-first heap   total 117760K, used 82338K [0x00000000c3200000, 0x0000000100000000)
  region size 1024K, 4 young (4096K), 4 survivors (4096K)
 Metaspace       used 17875K, committed 18240K, reserved 1114112K
  class space    used 2611K, committed 2752K, reserved 1048576K
}
Event: 6.588 GC heap before
{Heap before GC invocations=11 (full 0):
 garbage-first heap   total 117760K, used 82338K [0x00000000c3200000, 0x0000000100000000)
  region size 1024K, 5 young (5120K), 4 survivors (4096K)
 Metaspace       used 17901K, committed 18240K, reserved 1114112K
  class space    used 2612K, committed 2752K, reserved 1048576K
}
Event: 6.592 GC heap after
{Heap after GC invocations=12 (full 0):
 garbage-first heap   total 117760K, used 82679K [0x00000000c3200000, 0x0000000100000000)
  region size 1024K, 1 young (1024K), 1 survivors (1024K)
 Metaspace       used 17901K, committed 18240K, reserved 1114112K
  class space    used 2612K, committed 2752K, reserved 1048576K
}

