# JRE version: Java(TM) SE Runtime Environment (21.0.5+9) (build 21.0.5+9-LTS-239)
# Java VM: Java HotSpot(TM) 64-Bit Server VM (21.0.5+9-LTS-239, mixed mode, sharing, tiered, compressed oops, compressed class ptrs, g1 gc, windows-amd64)
GC Precious Log:
 CardTable entry size: 512
 Card Set container configuration: InlinePtr #cards 5 size 8 Array Of Cards #cards 12 size 40 Howl #buckets 4 coarsen threshold 1843 Howl Bitmap #cards 512 size 80 coarsen threshold 460 Card regions per heap region 1 cards per card region 2048
 CPUs: 4 total, 4 available
 Memory: 3895M
 Large Page Support: Disabled
 NUMA Support: Disabled
 Compressed Oops: Enabled (32-bit)
 Heap Region Size: 1M
 Heap Min Capacity: 8M
 Heap Initial Capacity: 62M
 Heap Max Capacity: 974M
 Pre-touch: Disabled
 Parallel Workers: 4
 Concurrent Workers: 1
 Concurrent Refinement Workers: 4
 Periodic GC: Disabled
Heap:
 garbage-first heap   total 215040K, used 207643K [0x00000000c3200000, 0x0000000100000000)
  region size 1024K, 26 young (26624K), 3 survivors (3072K)
 Metaspace       used 21626K, committed 22016K, reserved 1114112K
  class space    used 2990K, committed 3200K, reserved 1048576K
GC Heap History (20 events):
Event: 25.745 GC heap before
{Heap before GC invocations=10 (full 0):
 garbage-first heap   total 112640K, used 83685K [0x00000000c3200000, 0x0000000100000000)
  region size 1024K, 5 young (5120K), 1 survivors (1024K)
 Metaspace       used 20468K, committed 20864K, reserved 1114112K
  class space    used 2973K, committed 3200K, reserved 1048576K
}
Event: 25.749 GC heap after
{Heap after GC invocations=11 (full 0):
 garbage-first heap   total 112640K, used 80234K [0x00000000c3200000, 0x0000000100000000)
  region size 1024K, 1 young (1024K), 1 survivors (1024K)
 Metaspace       used 20468K, committed 20864K, reserved 1114112K
  class space    used 2973K, committed 3200K, reserved 1048576K
}
Event: 26.993 GC heap before
{Heap before GC invocations=11 (full 0):
 garbage-first heap   total 129024K, used 128362K [0x00000000c3200000, 0x0000000100000000)
  region size 1024K, 10 young (10240K), 1 survivors (1024K)
 Metaspace       used 20652K, committed 21056K, reserved 1114112K
  class space    used 2973K, committed 3200K, reserved 1048576K
}
Event: 26.997 GC heap after
{Heap after GC invocations=12 (full 0):
 garbage-first heap   total 133120K, used 120323K [0x00000000c3200000, 0x0000000100000000)
  region size 1024K, 3 young (3072K), 3 survivors (3072K)
 Metaspace       used 20652K, committed 21056K, reserved 1114112K
  class space    used 2973K, committed 3200K, reserved 1048576K
}
Event: 27.945 GC heap before
{Heap before GC invocations=12 (full 0):
 garbage-first heap   total 133120K, used 121347K [0x00000000c3200000, 0x0000000100000000)
  region size 1024K, 5 young (5120K), 3 survivors (3072K)
 Metaspace       used 20688K, committed 21120K, reserved 1114112K
  class space    used 2973K, committed 3200K, reserved 1048576K
}
Event: 27.949 GC heap after
{Heap after GC invocations=13 (full 0):
 garbage-first heap   total 133120K, used 120426K [0x00000000c3200000, 0x0000000100000000)
  region size 1024K, 1 young (1024K), 1 survivors (1024K)
 Metaspace       used 20688K, committed 21120K, reserved 1114112K
  class space    used 2973K, committed 3200K, reserved 1048576K
}
Event: 29.467 GC heap before
{Heap before GC invocations=14 (full 0):
 garbage-first heap   total 168960K, used 129642K [0x00000000c3200000, 0x0000000100000000)
  region size 1024K, 8 young (8192K), 1 survivors (1024K)
 Metaspace       used 20782K, committed 21184K, reserved 1114112K
  class space    used 2975K, committed 3200K, reserved 1048576K
}
Event: 29.469 GC heap after
{Heap after GC invocations=15 (full 0):
 garbage-first heap   total 168960K, used 123989K [0x00000000c3200000, 0x0000000100000000)
  region size 1024K, 1 young (1024K), 1 survivors (1024K)
 Metaspace       used 20782K, committed 21184K, reserved 1114112K
  class space    used 2975K, committed 3200K, reserved 1048576K
}
Event: 30.497 GC heap before
{Heap before GC invocations=15 (full 0):
 garbage-first heap   total 171008K, used 170069K [0x00000000c3200000, 0x0000000100000000)
  region size 1024K, 8 young (8192K), 1 survivors (1024K)
 Metaspace       used 20861K, committed 21312K, reserved 1114112K
  class space    used 2975K, committed 3200K, reserved 1048576K
}
Event: 30.502 GC heap after
{Heap after GC invocations=16 (full 0):
 garbage-first heap   total 174080K, used 163602K [0x00000000c3200000, 0x0000000100000000)
  region size 1024K, 3 young (3072K), 3 survivors (3072K)
 Metaspace       used 20861K, committed 21312K, reserved 1114112K
  class space    used 2975K, committed 3200K, reserved 1048576K
}
Event: 31.446 GC heap before
{Heap before GC invocations=16 (full 0):
 garbage-first heap   total 174080K, used 164626K [0x00000000c3200000, 0x0000000100000000)
  region size 1024K, 5 young (5120K), 3 survivors (3072K)
 Metaspace       used 20878K, committed 21312K, reserved 1114112K
  class space    used 2975K, committed 3200K, reserved 1048576K
}
Event: 31.449 GC heap after
{Heap after GC invocations=17 (full 0):
 garbage-first heap   total 174080K, used 163900K [0x00000000c3200000, 0x0000000100000000)
  region size 1024K, 1 young (1024K), 1 survivors (1024K)
 Metaspace       used 20878K, committed 21312K, reserved 1114112K
  class space    used 2975K, committed 3200K, reserved 1048576K
}
Event: 32.432 GC heap before
{Heap before GC invocations=18 (full 0):
 garbage-first heap   total 188416K, used 151612K [0x00000000c3200000, 0x0000000100000000)
  region size 1024K, 9 young (9216K), 1 survivors (1024K)
 Metaspace       used 21019K, committed 21376K, reserved 1114112K
  class space    used 2976K, committed 3200K, reserved 1048576K
}
Event: 32.434 GC heap after
{Heap after GC invocations=19 (full 0):
 garbage-first heap   total 188416K, used 144561K [0x00000000c3200000, 0x0000000100000000)
  region size 1024K, 2 young (2048K), 2 survivors (2048K)
 Metaspace       used 21019K, committed 21376K, reserved 1114112K
  class space    used 2976K, committed 3200K, reserved 1048576K
}
Event: 34.614 GC heap before
{Heap before GC invocations=19 (full 0):
 garbage-first heap   total 196608K, used 195761K [0x00000000c3200000, 0x0000000100000000)
  region size 1024K, 12 young (12288K), 2 survivors (2048K)
 Metaspace       used 21097K, committed 21504K, reserved 1114112K
  class space    used 2976K, committed 3200K, reserved 1048576K
}
Event: 34.617 GC heap after
{Heap after GC invocations=20 (full 0):
 garbage-first heap   total 199680K, used 163585K [0x00000000c3200000, 0x0000000100000000)
  region size 1024K, 2 young (2048K), 2 survivors (2048K)
 Metaspace       used 21097K, committed 21504K, reserved 1114112K
  class space    used 2976K, committed 3200K, reserved 1048576K
}
Event: 36.004 GC heap before
{Heap before GC invocations=20 (full 0):
 garbage-first heap   total 199680K, used 165633K [0x00000000c3200000, 0x0000000100000000)
  region size 1024K, 5 young (5120K), 2 survivors (2048K)
 Metaspace       used 21132K, committed 21568K, reserved 1114112K
  class space    used 2976K, committed 3200K, reserved 1048576K
}
Event: 36.006 GC heap after
{Heap after GC invocations=21 (full 0):
 garbage-first heap   total 199680K, used 124807K [0x00000000c3200000, 0x0000000100000000)
  region size 1024K, 2 young (2048K), 2 survivors (2048K)
 Metaspace       used 21132K, committed 21568K, reserved 1114112K
  class space    used 2976K, committed 3200K, reserved 1048576K
}
Event: 42.111 GC heap before
{Heap before GC invocations=22 (full 0):
 garbage-first heap   total 211968K, used 210823K [0x00000000c3200000, 0x0000000100000000)
  region size 1024K, 32 young (32768K), 2 survivors (2048K)
 Metaspace       used 21435K, committed 21888K, reserved 1114112K
  class space    used 2983K, committed 3200K, reserved 1048576K
}
Event: 42.116 GC heap after
{Heap after GC invocations=23 (full 0):
 garbage-first heap   total 215040K, used 103195K [0x00000000c3200000, 0x0000000100000000)
  region size 1024K, 3 young (3072K), 3 survivors (3072K)
 Metaspace       used 21435K, committed 21888K, reserved 1114112K
  class space    used 2983K, committed 3200K, reserved 1048576K
}

