# JRE version: Java(TM) SE Runtime Environment (21.0.5+9) (build 21.0.5+9-LTS-239)
# Java VM: Java HotSpot(TM) 64-Bit Server VM (21.0.5+9-LTS-239, mixed mode, sharing, tiered, compressed oops, compressed class ptrs, g1 gc, windows-amd64)
GC Precious Log:
 CardTable entry size: 512
 Card Set container configuration: InlinePtr #cards 5 size 8 Array Of Cards #cards 12 size 40 Howl #buckets 4 coarsen threshold 1843 Howl Bitmap #cards 512 size 80 coarsen threshold 460 Card regions per heap region 1 cards per card region 2048
 CPUs: 4 total, 4 available
 Memory: 3895M
 Large Page Support: Disabled
 NUMA Support: Disabled
 Compressed Oops: Enabled (32-bit)
 Heap Region Size: 1M
 Heap Min Capacity: 8M
 Heap Initial Capacity: 62M
 Heap Max Capacity: 974M
 Pre-touch: Disabled
 Parallel Workers: 4
 Concurrent Workers: 1
 Concurrent Refinement Workers: 4
 Periodic GC: Disabled
Heap:
 garbage-first heap   total 430080K, used 229180K [0x00000000c3200000, 0x0000000100000000)
  region size 1024K, 6 young (6144K), 3 survivors (3072K)
 Metaspace       used 24849K, committed 25280K, reserved 1114112K
  class space    used 3381K, committed 3584K, reserved 1048576K
GC Heap History (20 events):
Event: 24.178 GC heap before
{Heap before GC invocations=6 (full 0):
 garbage-first heap   total 96256K, used 95538K [0x00000000c3200000, 0x0000000100000000)
  region size 1024K, 15 young (15360K), 1 survivors (1024K)
 Metaspace       used 22017K, committed 22400K, reserved 1114112K
  class space    used 3001K, committed 3200K, reserved 1048576K
}
Event: 24.180 GC heap after
{Heap after GC invocations=7 (full 0):
 garbage-first heap   total 98304K, used 82075K [0x00000000c3200000, 0x0000000100000000)
  region size 1024K, 2 young (2048K), 2 survivors (2048K)
 Metaspace       used 22017K, committed 22400K, reserved 1114112K
  class space    used 3001K, committed 3200K, reserved 1048576K
}
Event: 27.068 GC heap before
{Heap before GC invocations=7 (full 0):
 garbage-first heap   total 98304K, used 89243K [0x00000000c3200000, 0x0000000100000000)
  region size 1024K, 9 young (9216K), 2 survivors (2048K)
 Metaspace       used 22662K, committed 23040K, reserved 1114112K
  class space    used 3104K, committed 3264K, reserved 1048576K
}
Event: 27.082 GC heap after
{Heap after GC invocations=8 (full 0):
 garbage-first heap   total 98304K, used 82811K [0x00000000c3200000, 0x0000000100000000)
  region size 1024K, 2 young (2048K), 2 survivors (2048K)
 Metaspace       used 22662K, committed 23040K, reserved 1114112K
  class space    used 3104K, committed 3264K, reserved 1048576K
}
Event: 41.027 GC heap before
{Heap before GC invocations=8 (full 0):
 garbage-first heap   total 98304K, used 88955K [0x00000000c3200000, 0x0000000100000000)
  region size 1024K, 8 young (8192K), 2 survivors (2048K)
 Metaspace       used 22706K, committed 23104K, reserved 1114112K
  class space    used 3104K, committed 3264K, reserved 1048576K
}
Event: 41.032 GC heap after
{Heap after GC invocations=9 (full 0):
 garbage-first heap   total 98304K, used 83073K [0x00000000c3200000, 0x0000000100000000)
  region size 1024K, 1 young (1024K), 1 survivors (1024K)
 Metaspace       used 22706K, committed 23104K, reserved 1114112K
  class space    used 3104K, committed 3264K, reserved 1048576K
}
Event: 46.211 GC heap before
{Heap before GC invocations=10 (full 0):
 garbage-first heap   total 132096K, used 83073K [0x00000000c3200000, 0x0000000100000000)
  region size 1024K, 7 young (7168K), 1 survivors (1024K)
 Metaspace       used 22785K, committed 23168K, reserved 1114112K
  class space    used 3106K, committed 3264K, reserved 1048576K
}
Event: 46.212 GC heap after
{Heap after GC invocations=11 (full 0):
 garbage-first heap   total 132096K, used 76822K [0x00000000c3200000, 0x0000000100000000)
  region size 1024K, 1 young (1024K), 1 survivors (1024K)
 Metaspace       used 22785K, committed 23168K, reserved 1114112K
  class space    used 3106K, committed 3264K, reserved 1048576K
}
Event: 46.874 GC heap before
{Heap before GC invocations=11 (full 0):
 garbage-first heap   total 144384K, used 143382K [0x00000000c3200000, 0x0000000100000000)
  region size 1024K, 8 young (8192K), 1 survivors (1024K)
 Metaspace       used 22972K, committed 23360K, reserved 1114112K
  class space    used 3108K, committed 3264K, reserved 1048576K
}
Event: 46.876 GC heap after
{Heap after GC invocations=12 (full 0):
 garbage-first heap   total 147456K, used 137001K [0x00000000c3200000, 0x0000000100000000)
  region size 1024K, 2 young (2048K), 2 survivors (2048K)
 Metaspace       used 22972K, committed 23360K, reserved 1114112K
  class space    used 3108K, committed 3264K, reserved 1048576K
}
Event: 47.208 GC heap before
{Heap before GC invocations=12 (full 0):
 garbage-first heap   total 147456K, used 139049K [0x00000000c3200000, 0x0000000100000000)
  region size 1024K, 5 young (5120K), 2 survivors (2048K)
 Metaspace       used 23053K, committed 23488K, reserved 1114112K
  class space    used 3125K, committed 3328K, reserved 1048576K
}
Event: 47.210 GC heap after
{Heap after GC invocations=13 (full 0):
 garbage-first heap   total 147456K, used 137222K [0x00000000c3200000, 0x0000000100000000)
  region size 1024K, 1 young (1024K), 1 survivors (1024K)
 Metaspace       used 23053K, committed 23488K, reserved 1114112K
  class space    used 3125K, committed 3328K, reserved 1048576K
}
Event: 49.486 GC heap before
{Heap before GC invocations=14 (full 0):
 garbage-first heap   total 245760K, used 180230K [0x00000000c3200000, 0x0000000100000000)
  region size 1024K, 9 young (9216K), 1 survivors (1024K)
 Metaspace       used 23247K, committed 23680K, reserved 1114112K
  class space    used 3134K, committed 3328K, reserved 1048576K
}
Event: 49.491 GC heap after
{Heap after GC invocations=15 (full 0):
 garbage-first heap   total 245760K, used 173002K [0x00000000c3200000, 0x0000000100000000)
  region size 1024K, 2 young (2048K), 2 survivors (2048K)
 Metaspace       used 23247K, committed 23680K, reserved 1114112K
  class space    used 3134K, committed 3328K, reserved 1048576K
}
Event: 72.129 GC heap before
{Heap before GC invocations=15 (full 0):
 garbage-first heap   total 278528K, used 277450K [0x00000000c3200000, 0x0000000100000000)
  region size 1024K, 14 young (14336K), 2 survivors (2048K)
 Metaspace       used 23374K, committed 23744K, reserved 1114112K
  class space    used 3136K, committed 3328K, reserved 1048576K
}
Event: 72.132 GC heap after
{Heap after GC invocations=16 (full 0):
 garbage-first heap   total 281600K, used 230781K [0x00000000c3200000, 0x0000000100000000)
  region size 1024K, 2 young (2048K), 2 survivors (2048K)
 Metaspace       used 23374K, committed 23744K, reserved 1114112K
  class space    used 3136K, committed 3328K, reserved 1048576K
}
Event: 72.135 GC heap before
{Heap before GC invocations=16 (full 0):
 garbage-first heap   total 281600K, used 230781K [0x00000000c3200000, 0x0000000100000000)
  region size 1024K, 3 young (3072K), 2 survivors (2048K)
 Metaspace       used 23374K, committed 23744K, reserved 1114112K
  class space    used 3136K, committed 3328K, reserved 1048576K
}
Event: 72.137 GC heap after
{Heap after GC invocations=17 (full 0):
 garbage-first heap   total 281600K, used 230778K [0x00000000c3200000, 0x0000000100000000)
  region size 1024K, 2 young (2048K), 2 survivors (2048K)
 Metaspace       used 23374K, committed 23744K, reserved 1114112K
  class space    used 3136K, committed 3328K, reserved 1048576K
}
Event: 95.864 GC heap before
{Heap before GC invocations=18 (full 0):
 garbage-first heap   total 372736K, used 372090K [0x00000000c3200000, 0x0000000100000000)
  region size 1024K, 25 young (25600K), 2 survivors (2048K)
 Metaspace       used 24812K, committed 25280K, reserved 1114112K
  class space    used 3381K, committed 3584K, reserved 1048576K
}
Event: 95.872 GC heap after
{Heap after GC invocations=19 (full 0):
 garbage-first heap   total 375808K, used 224302K [0x00000000c3200000, 0x0000000100000000)
  region size 1024K, 3 young (3072K), 3 survivors (3072K)
 Metaspace       used 24812K, committed 25280K, reserved 1114112K
  class space    used 3381K, committed 3584K, reserved 1048576K
}

