# JRE version: Java(TM) SE Runtime Environment (21.0.5+9) (build 21.0.5+9-LTS-239)
# Java VM: Java HotSpot(TM) 64-Bit Server VM (21.0.5+9-LTS-239, mixed mode, sharing, tiered, compressed oops, compressed class ptrs, g1 gc, windows-amd64)
GC Precious Log:
 CardTable entry size: 512
 Card Set container configuration: InlinePtr #cards 5 size 8 Array Of Cards #cards 12 size 40 Howl #buckets 4 coarsen threshold 1843 Howl Bitmap #cards 512 size 80 coarsen threshold 460 Card regions per heap region 1 cards per card region 2048
 CPUs: 4 total, 4 available
 Memory: 3895M
 Large Page Support: Disabled
 NUMA Support: Disabled
 Compressed Oops: Enabled (32-bit)
 Heap Region Size: 1M
 Heap Min Capacity: 8M
 Heap Initial Capacity: 62M
 Heap Max Capacity: 974M
 Pre-touch: Disabled
 Parallel Workers: 4
 Concurrent Workers: 1
 Concurrent Refinement Workers: 4
 Periodic GC: Disabled
Heap:
 garbage-first heap   total 136192K, used 105223K [0x00000000c3200000, 0x0000000100000000)
  region size 1024K, 2 young (2048K), 1 survivors (1024K)
 Metaspace       used 17989K, committed 18304K, reserved 1114112K
  class space    used 2618K, committed 2752K, reserved 1048576K
GC Heap History (20 events):
Event: 0.654 GC heap before
{Heap before GC invocations=0 (full 0):
 garbage-first heap   total 63488K, used 12288K [0x00000000c3200000, 0x0000000100000000)
  region size 1024K, 13 young (13312K), 0 survivors (0K)
 Metaspace       used 1848K, committed 2048K, reserved 1114112K
  class space    used 182K, committed 256K, reserved 1048576K
}
Event: 0.659 GC heap after
{Heap after GC invocations=1 (full 0):
 garbage-first heap   total 63488K, used 1855K [0x00000000c3200000, 0x0000000100000000)
  region size 1024K, 2 young (2048K), 2 survivors (2048K)
 Metaspace       used 1848K, committed 2048K, reserved 1114112K
  class space    used 182K, committed 256K, reserved 1048576K
}
Event: 1.242 GC heap before
{Heap before GC invocations=1 (full 0):
 garbage-first heap   total 63488K, used 23359K [0x00000000c3200000, 0x0000000100000000)
  region size 1024K, 24 young (24576K), 2 survivors (2048K)
 Metaspace       used 4924K, committed 5120K, reserved 1114112K
  class space    used 539K, committed 640K, reserved 1048576K
}
Event: 1.249 GC heap after
{Heap after GC invocations=2 (full 0):
 garbage-first heap   total 63488K, used 5507K [0x00000000c3200000, 0x0000000100000000)
  region size 1024K, 3 young (3072K), 3 survivors (3072K)
 Metaspace       used 4924K, committed 5120K, reserved 1114112K
  class space    used 539K, committed 640K, reserved 1048576K
}
Event: 2.480 GC heap before
{Heap before GC invocations=2 (full 0):
 garbage-first heap   total 63488K, used 48515K [0x00000000c3200000, 0x0000000100000000)
  region size 1024K, 27 young (27648K), 3 survivors (3072K)
 Metaspace       used 10157K, committed 10496K, reserved 1114112K
  class space    used 1302K, committed 1472K, reserved 1048576K
}
Event: 2.489 GC heap after
{Heap after GC invocations=3 (full 0):
 garbage-first heap   total 63488K, used 29311K [0x00000000c3200000, 0x0000000100000000)
  region size 1024K, 4 young (4096K), 4 survivors (4096K)
 Metaspace       used 10157K, committed 10496K, reserved 1114112K
  class space    used 1302K, committed 1472K, reserved 1048576K
}
Event: 2.621 GC heap before
{Heap before GC invocations=3 (full 0):
 garbage-first heap   total 63488K, used 35455K [0x00000000c3200000, 0x0000000100000000)
  region size 1024K, 5 young (5120K), 4 survivors (4096K)
 Metaspace       used 10297K, committed 10624K, reserved 1114112K
  class space    used 1317K, committed 1472K, reserved 1048576K
}
Event: 2.628 GC heap after
{Heap after GC invocations=4 (full 0):
 garbage-first heap   total 63488K, used 36051K [0x00000000c3200000, 0x0000000100000000)
  region size 1024K, 1 young (1024K), 1 survivors (1024K)
 Metaspace       used 10297K, committed 10624K, reserved 1114112K
  class space    used 1317K, committed 1472K, reserved 1048576K
}
Event: 2.978 GC heap before
{Heap before GC invocations=5 (full 0):
 garbage-first heap   total 72704K, used 71891K [0x00000000c3200000, 0x0000000100000000)
  region size 1024K, 4 young (4096K), 1 survivors (1024K)
 Metaspace       used 10673K, committed 11008K, reserved 1114112K
  class space    used 1390K, committed 1536K, reserved 1048576K
}
Event: 2.980 GC heap after
{Heap after GC invocations=6 (full 0):
 garbage-first heap   total 73728K, used 68790K [0x00000000c3200000, 0x0000000100000000)
  region size 1024K, 1 young (1024K), 1 survivors (1024K)
 Metaspace       used 10673K, committed 11008K, reserved 1114112K
  class space    used 1390K, committed 1536K, reserved 1048576K
}
Event: 3.005 GC heap before
{Heap before GC invocations=6 (full 0):
 garbage-first heap   total 73728K, used 70838K [0x00000000c3200000, 0x0000000100000000)
  region size 1024K, 3 young (3072K), 1 survivors (1024K)
 Metaspace       used 11006K, committed 11328K, reserved 1114112K
  class space    used 1484K, committed 1600K, reserved 1048576K
}
Event: 3.008 GC heap after
{Heap after GC invocations=7 (full 0):
 garbage-first heap   total 73728K, used 68832K [0x00000000c3200000, 0x0000000100000000)
  region size 1024K, 1 young (1024K), 1 survivors (1024K)
 Metaspace       used 11006K, committed 11328K, reserved 1114112K
  class space    used 1484K, committed 1600K, reserved 1048576K
}
Event: 3.107 GC heap before
{Heap before GC invocations=7 (full 0):
 garbage-first heap   total 73728K, used 69856K [0x00000000c3200000, 0x0000000100000000)
  region size 1024K, 3 young (3072K), 1 survivors (1024K)
 Metaspace       used 11663K, committed 11968K, reserved 1114112K
  class space    used 1565K, committed 1728K, reserved 1048576K
}
Event: 3.109 GC heap after
{Heap after GC invocations=8 (full 0):
 garbage-first heap   total 73728K, used 69265K [0x00000000c3200000, 0x0000000100000000)
  region size 1024K, 1 young (1024K), 1 survivors (1024K)
 Metaspace       used 11663K, committed 11968K, reserved 1114112K
  class space    used 1565K, committed 1728K, reserved 1048576K
}
Event: 3.169 GC heap before
{Heap before GC invocations=9 (full 0):
 garbage-first heap   total 117760K, used 70289K [0x00000000c3200000, 0x0000000100000000)
  region size 1024K, 3 young (3072K), 1 survivors (1024K)
 Metaspace       used 12049K, committed 12352K, reserved 1114112K
  class space    used 1632K, committed 1792K, reserved 1048576K
}
Event: 3.171 GC heap after
{Heap after GC invocations=10 (full 0):
 garbage-first heap   total 117760K, used 69614K [0x00000000c3200000, 0x0000000100000000)
  region size 1024K, 1 young (1024K), 1 survivors (1024K)
 Metaspace       used 12049K, committed 12352K, reserved 1114112K
  class space    used 1632K, committed 1792K, reserved 1048576K
}
Event: 7.491 GC heap before
{Heap before GC invocations=10 (full 0):
 garbage-first heap   total 134144K, used 130030K [0x00000000c3200000, 0x0000000100000000)
  region size 1024K, 31 young (31744K), 1 survivors (1024K)
 Metaspace       used 17893K, committed 18240K, reserved 1114112K
  class space    used 2607K, committed 2752K, reserved 1048576K
}
Event: 7.497 GC heap after
{Heap after GC invocations=11 (full 0):
 garbage-first heap   total 136192K, used 102709K [0x00000000c3200000, 0x0000000100000000)
  region size 1024K, 4 young (4096K), 4 survivors (4096K)
 Metaspace       used 17893K, committed 18240K, reserved 1114112K
  class space    used 2607K, committed 2752K, reserved 1048576K
}
Event: 7.499 GC heap before
{Heap before GC invocations=11 (full 0):
 garbage-first heap   total 136192K, used 102709K [0x00000000c3200000, 0x0000000100000000)
  region size 1024K, 5 young (5120K), 4 survivors (4096K)
 Metaspace       used 17897K, committed 18240K, reserved 1114112K
  class space    used 2607K, committed 2752K, reserved 1048576K
}
Event: 7.503 GC heap after
{Heap after GC invocations=12 (full 0):
 garbage-first heap   total 136192K, used 103175K [0x00000000c3200000, 0x0000000100000000)
  region size 1024K, 1 young (1024K), 1 survivors (1024K)
 Metaspace       used 17897K, committed 18240K, reserved 1114112K
  class space    used 2607K, committed 2752K, reserved 1048576K
}

