# JRE version: Java(TM) SE Runtime Environment (21.0.5+9) (build 21.0.5+9-LTS-239)
# Java VM: Java HotSpot(TM) 64-Bit Server VM (21.0.5+9-LTS-239, mixed mode, sharing, tiered, compressed oops, compressed class ptrs, g1 gc, windows-amd64)
GC Precious Log:
 CardTable entry size: 512
 Card Set container configuration: InlinePtr #cards 5 size 8 Array Of Cards #cards 12 size 40 Howl #buckets 4 coarsen threshold 1843 Howl Bitmap #cards 512 size 80 coarsen threshold 460 Card regions per heap region 1 cards per card region 2048
 CPUs: 4 total, 4 available
 Memory: 3895M
 Large Page Support: Disabled
 NUMA Support: Disabled
 Compressed Oops: Enabled (32-bit)
 Heap Region Size: 1M
 Heap Min Capacity: 8M
 Heap Initial Capacity: 62M
 Heap Max Capacity: 974M
 Pre-touch: Disabled
 Parallel Workers: 4
 Concurrent Workers: 1
 Concurrent Refinement Workers: 4
 Periodic GC: Disabled
Heap:
 garbage-first heap   total 462848K, used 368186K [0x00000000c3200000, 0x0000000100000000)
  region size 1024K, 13 young (13312K), 1 survivors (1024K)
 Metaspace       used 24050K, committed 24448K, reserved 1114112K
  class space    used 3204K, committed 3392K, reserved 1048576K
GC Heap History (20 events):
Event: 35.517 GC heap before
{Heap before GC invocations=8 (full 0):
 garbage-first heap   total 93184K, used 84237K [0x00000000c3200000, 0x0000000100000000)
  region size 1024K, 5 young (5120K), 1 survivors (1024K)
 Metaspace       used 22368K, committed 22720K, reserved 1114112K
  class space    used 3081K, committed 3264K, reserved 1048576K
}
Event: 35.519 GC heap after
{Heap after GC invocations=9 (full 0):
 garbage-first heap   total 93184K, used 82090K [0x00000000c3200000, 0x0000000100000000)
  region size 1024K, 1 young (1024K), 1 survivors (1024K)
 Metaspace       used 22368K, committed 22720K, reserved 1114112K
  class space    used 3081K, committed 3264K, reserved 1048576K
}
Event: 47.805 GC heap before
{Heap before GC invocations=10 (full 0):
 garbage-first heap   total 140288K, used 87210K [0x00000000c3200000, 0x0000000100000000)
  region size 1024K, 6 young (6144K), 1 survivors (1024K)
 Metaspace       used 22568K, committed 22912K, reserved 1114112K
  class space    used 3101K, committed 3264K, reserved 1048576K
}
Event: 47.808 GC heap after
{Heap after GC invocations=11 (full 0):
 garbage-first heap   total 140288K, used 82484K [0x00000000c3200000, 0x0000000100000000)
  region size 1024K, 1 young (1024K), 1 survivors (1024K)
 Metaspace       used 22568K, committed 22912K, reserved 1114112K
  class space    used 3101K, committed 3264K, reserved 1048576K
}
Event: 72.951 GC heap before
{Heap before GC invocations=11 (full 0):
 garbage-first heap   total 140288K, used 138804K [0x00000000c3200000, 0x0000000100000000)
  region size 1024K, 22 young (22528K), 1 survivors (1024K)
 Metaspace       used 22981K, committed 23424K, reserved 1114112K
  class space    used 3129K, committed 3328K, reserved 1048576K
}
Event: 72.956 GC heap after
{Heap after GC invocations=12 (full 0):
 garbage-first heap   total 142336K, used 118440K [0x00000000c3200000, 0x0000000100000000)
  region size 1024K, 2 young (2048K), 2 survivors (2048K)
 Metaspace       used 22981K, committed 23424K, reserved 1114112K
  class space    used 3129K, committed 3328K, reserved 1048576K
}
Event: 81.136 GC heap before
{Heap before GC invocations=12 (full 0):
 garbage-first heap   total 142336K, used 123560K [0x00000000c3200000, 0x0000000100000000)
  region size 1024K, 8 young (8192K), 2 survivors (2048K)
 Metaspace       used 23069K, committed 23488K, reserved 1114112K
  class space    used 3134K, committed 3328K, reserved 1048576K
}
Event: 81.139 GC heap after
{Heap after GC invocations=13 (full 0):
 garbage-first heap   total 142336K, used 118533K [0x00000000c3200000, 0x0000000100000000)
  region size 1024K, 1 young (1024K), 1 survivors (1024K)
 Metaspace       used 23069K, committed 23488K, reserved 1114112K
  class space    used 3134K, committed 3328K, reserved 1048576K
}
Event: 81.781 GC heap before
{Heap before GC invocations=14 (full 0):
 garbage-first heap   total 223232K, used 220933K [0x00000000c3200000, 0x0000000100000000)
  region size 1024K, 11 young (11264K), 1 survivors (1024K)
 Metaspace       used 23234K, committed 23680K, reserved 1114112K
  class space    used 3135K, committed 3328K, reserved 1048576K
}
Event: 81.783 GC heap after
{Heap after GC invocations=15 (full 0):
 garbage-first heap   total 224256K, used 212029K [0x00000000c3200000, 0x0000000100000000)
  region size 1024K, 2 young (2048K), 2 survivors (2048K)
 Metaspace       used 23234K, committed 23680K, reserved 1114112K
  class space    used 3135K, committed 3328K, reserved 1048576K
}
Event: 81.846 GC heap before
{Heap before GC invocations=15 (full 0):
 garbage-first heap   total 236544K, used 235581K [0x00000000c3200000, 0x0000000100000000)
  region size 1024K, 5 young (5120K), 2 survivors (2048K)
 Metaspace       used 23265K, committed 23680K, reserved 1114112K
  class space    used 3135K, committed 3328K, reserved 1048576K
}
Event: 81.850 GC heap after
{Heap after GC invocations=16 (full 0):
 garbage-first heap   total 239616K, used 232709K [0x00000000c3200000, 0x0000000100000000)
  region size 1024K, 1 young (1024K), 1 survivors (1024K)
 Metaspace       used 23265K, committed 23680K, reserved 1114112K
  class space    used 3135K, committed 3328K, reserved 1048576K
}
Event: 81.937 GC heap before
{Heap before GC invocations=16 (full 0):
 garbage-first heap   total 239616K, used 234757K [0x00000000c3200000, 0x0000000100000000)
  region size 1024K, 4 young (4096K), 1 survivors (1024K)
 Metaspace       used 23308K, committed 23744K, reserved 1114112K
  class space    used 3135K, committed 3328K, reserved 1048576K
}
Event: 81.939 GC heap after
{Heap after GC invocations=17 (full 0):
 garbage-first heap   total 239616K, used 233199K [0x00000000c3200000, 0x0000000100000000)
  region size 1024K, 1 young (1024K), 1 survivors (1024K)
 Metaspace       used 23308K, committed 23744K, reserved 1114112K
  class space    used 3135K, committed 3328K, reserved 1048576K
}
Event: 82.436 GC heap before
{Heap before GC invocations=18 (full 0):
 garbage-first heap   total 306176K, used 238319K [0x00000000c3200000, 0x0000000100000000)
  region size 1024K, 6 young (6144K), 1 survivors (1024K)
 Metaspace       used 23378K, committed 23744K, reserved 1114112K
  class space    used 3138K, committed 3328K, reserved 1048576K
}
Event: 82.440 GC heap after
{Heap after GC invocations=19 (full 0):
 garbage-first heap   total 306176K, used 233762K [0x00000000c3200000, 0x0000000100000000)
  region size 1024K, 1 young (1024K), 1 survivors (1024K)
 Metaspace       used 23378K, committed 23744K, reserved 1114112K
  class space    used 3138K, committed 3328K, reserved 1048576K
}
Event: 84.248 GC heap before
{Heap before GC invocations=19 (full 0):
 garbage-first heap   total 340992K, used 340258K [0x00000000c3200000, 0x0000000100000000)
  region size 1024K, 17 young (17408K), 1 survivors (1024K)
 Metaspace       used 23837K, committed 24256K, reserved 1114112K
  class space    used 3198K, committed 3392K, reserved 1048576K
}
Event: 84.256 GC heap after
{Heap after GC invocations=20 (full 0):
 garbage-first heap   total 345088K, used 325842K [0x00000000c3200000, 0x0000000100000000)
  region size 1024K, 4 young (4096K), 4 survivors (4096K)
 Metaspace       used 23837K, committed 24256K, reserved 1114112K
  class space    used 3198K, committed 3392K, reserved 1048576K
}
Event: 84.324 GC heap before
{Heap before GC invocations=20 (full 0):
 garbage-first heap   total 345088K, used 326866K [0x00000000c3200000, 0x0000000100000000)
  region size 1024K, 6 young (6144K), 4 survivors (4096K)
 Metaspace       used 23842K, committed 24256K, reserved 1114112K
  class space    used 3198K, committed 3392K, reserved 1048576K
}
Event: 84.330 GC heap after
{Heap after GC invocations=21 (full 0):
 garbage-first heap   total 345088K, used 326202K [0x00000000c3200000, 0x0000000100000000)
  region size 1024K, 1 young (1024K), 1 survivors (1024K)
 Metaspace       used 23842K, committed 24256K, reserved 1114112K
  class space    used 3198K, committed 3392K, reserved 1048576K
}

