# JRE version: Java(TM) SE Runtime Environment (21.0.5+9) (build 21.0.5+9-LTS-239)
# Java VM: Java HotSpot(TM) 64-Bit Server VM (21.0.5+9-LTS-239, mixed mode, sharing, tiered, compressed oops, compressed class ptrs, g1 gc, windows-amd64)
GC Precious Log:
 CardTable entry size: 512
 Card Set container configuration: InlinePtr #cards 5 size 8 Array Of Cards #cards 12 size 40 Howl #buckets 4 coarsen threshold 1843 Howl Bitmap #cards 512 size 80 coarsen threshold 460 Card regions per heap region 1 cards per card region 2048
 CPUs: 4 total, 4 available
 Memory: 3895M
 Large Page Support: Disabled
 NUMA Support: Disabled
 Compressed Oops: Enabled (32-bit)
 Heap Region Size: 1M
 Heap Min Capacity: 8M
 Heap Initial Capacity: 62M
 Heap Max Capacity: 974M
 Pre-touch: Disabled
 Parallel Workers: 4
 Concurrent Workers: 1
 Concurrent Refinement Workers: 4
 Periodic GC: Disabled
Heap:
 garbage-first heap   total 74752K, used 64480K [0x00000000c3200000, 0x0000000100000000)
  region size 1024K, 7 young (7168K), 2 survivors (2048K)
 Metaspace       used 23215K, committed 23552K, reserved 1114112K
  class space    used 3218K, committed 3392K, reserved 1048576K
GC Heap History (14 events):
Event: 0.510 GC heap before
{Heap before GC invocations=0 (full 0):
 garbage-first heap   total 63488K, used 12288K [0x00000000c3200000, 0x0000000100000000)
  region size 1024K, 13 young (13312K), 0 survivors (0K)
 Metaspace       used 1829K, committed 1984K, reserved 1114112K
  class space    used 182K, committed 256K, reserved 1048576K
}
Event: 0.513 GC heap after
{Heap after GC invocations=1 (full 0):
 garbage-first heap   total 63488K, used 1864K [0x00000000c3200000, 0x0000000100000000)
  region size 1024K, 2 young (2048K), 2 survivors (2048K)
 Metaspace       used 1829K, committed 1984K, reserved 1114112K
  class space    used 182K, committed 256K, reserved 1048576K
}
Event: 1.090 GC heap before
{Heap before GC invocations=1 (full 0):
 garbage-first heap   total 63488K, used 23368K [0x00000000c3200000, 0x0000000100000000)
  region size 1024K, 24 young (24576K), 2 survivors (2048K)
 Metaspace       used 4908K, committed 5120K, reserved 1114112K
  class space    used 538K, committed 640K, reserved 1048576K
}
Event: 1.095 GC heap after
{Heap after GC invocations=2 (full 0):
 garbage-first heap   total 63488K, used 6002K [0x00000000c3200000, 0x0000000100000000)
  region size 1024K, 3 young (3072K), 3 survivors (3072K)
 Metaspace       used 4908K, committed 5120K, reserved 1114112K
  class space    used 538K, committed 640K, reserved 1048576K
}
Event: 2.924 GC heap before
{Heap before GC invocations=2 (full 0):
 garbage-first heap   total 63488K, used 60274K [0x00000000c3200000, 0x0000000100000000)
  region size 1024K, 37 young (37888K), 3 survivors (3072K)
 Metaspace       used 13554K, committed 13824K, reserved 1114112K
  class space    used 1725K, committed 1856K, reserved 1048576K
}
Event: 2.931 GC heap after
{Heap after GC invocations=3 (full 0):
 garbage-first heap   total 69632K, used 30678K [0x00000000c3200000, 0x0000000100000000)
  region size 1024K, 5 young (5120K), 5 survivors (5120K)
 Metaspace       used 13554K, committed 13824K, reserved 1114112K
  class space    used 1725K, committed 1856K, reserved 1048576K
}
Event: 3.808 GC heap before
{Heap before GC invocations=3 (full 0):
 garbage-first heap   total 69632K, used 54230K [0x00000000c3200000, 0x0000000100000000)
  region size 1024K, 29 young (29696K), 5 survivors (5120K)
 Metaspace       used 19110K, committed 19520K, reserved 1114112K
  class space    used 2632K, committed 2816K, reserved 1048576K
}
Event: 3.813 GC heap after
{Heap after GC invocations=4 (full 0):
 garbage-first heap   total 69632K, used 33505K [0x00000000c3200000, 0x0000000100000000)
  region size 1024K, 3 young (3072K), 3 survivors (3072K)
 Metaspace       used 19110K, committed 19520K, reserved 1114112K
  class space    used 2632K, committed 2816K, reserved 1048576K
}
Event: 4.957 GC heap before
{Heap before GC invocations=4 (full 0):
 garbage-first heap   total 69632K, used 45793K [0x00000000c3200000, 0x0000000100000000)
  region size 1024K, 16 young (16384K), 3 survivors (3072K)
 Metaspace       used 21117K, committed 21504K, reserved 1114112K
  class space    used 3067K, committed 3264K, reserved 1048576K
}
Event: 4.962 GC heap after
{Heap after GC invocations=5 (full 0):
 garbage-first heap   total 69632K, used 35113K [0x00000000c3200000, 0x0000000100000000)
  region size 1024K, 2 young (2048K), 2 survivors (2048K)
 Metaspace       used 21117K, committed 21504K, reserved 1114112K
  class space    used 3067K, committed 3264K, reserved 1048576K
}
Event: 11.069 GC heap before
{Heap before GC invocations=6 (full 0):
 garbage-first heap   total 71680K, used 69929K [0x00000000c3200000, 0x0000000100000000)
  region size 1024K, 15 young (15360K), 2 survivors (2048K)
 Metaspace       used 22767K, committed 23168K, reserved 1114112K
  class space    used 3192K, committed 3392K, reserved 1048576K
}
Event: 11.072 GC heap after
{Heap after GC invocations=7 (full 0):
 garbage-first heap   total 74752K, used 58695K [0x00000000c3200000, 0x0000000100000000)
  region size 1024K, 3 young (3072K), 3 survivors (3072K)
 Metaspace       used 22767K, committed 23168K, reserved 1114112K
  class space    used 3192K, committed 3392K, reserved 1048576K
}
Event: 11.175 GC heap before
{Heap before GC invocations=7 (full 0):
 garbage-first heap   total 74752K, used 65863K [0x00000000c3200000, 0x0000000100000000)
  region size 1024K, 10 young (10240K), 3 survivors (3072K)
 Metaspace       used 23072K, committed 23424K, reserved 1114112K
  class space    used 3216K, committed 3392K, reserved 1048576K
}
Event: 11.180 GC heap after
{Heap after GC invocations=8 (full 0):
 garbage-first heap   total 74752K, used 60384K [0x00000000c3200000, 0x0000000100000000)
  region size 1024K, 2 young (2048K), 2 survivors (2048K)
 Metaspace       used 23072K, committed 23424K, reserved 1114112K
  class space    used 3216K, committed 3392K, reserved 1048576K
}

