# JRE version: Java(TM) SE Runtime Environment (21.0.5+9) (build 21.0.5+9-LTS-239)
# Java VM: Java HotSpot(TM) 64-Bit Server VM (21.0.5+9-LTS-239, mixed mode, sharing, tiered, compressed oops, compressed class ptrs, g1 gc, windows-amd64)
GC Precious Log:
 CardTable entry size: 512
 Card Set container configuration: InlinePtr #cards 5 size 8 Array Of Cards #cards 12 size 40 Howl #buckets 4 coarsen threshold 1843 Howl Bitmap #cards 512 size 80 coarsen threshold 460 Card regions per heap region 1 cards per card region 2048
 CPUs: 4 total, 4 available
 Memory: 3895M
 Large Page Support: Disabled
 NUMA Support: Disabled
 Compressed Oops: Enabled (32-bit)
 Heap Region Size: 1M
 Heap Min Capacity: 8M
 Heap Initial Capacity: 62M
 Heap Max Capacity: 974M
 Pre-touch: Disabled
 Parallel Workers: 4
 Concurrent Workers: 1
 Concurrent Refinement Workers: 4
 Periodic GC: Disabled
Heap:
 garbage-first heap   total 135168K, used 127843K [0x00000000c3200000, 0x0000000100000000)
  region size 1024K, 10 young (10240K), 1 survivors (1024K)
 Metaspace       used 23261K, committed 23616K, reserved 1114112K
  class space    used 3161K, committed 3328K, reserved 1048576K
GC Heap History (18 events):
Event: 0.444 GC heap before
{Heap before GC invocations=0 (full 0):
 garbage-first heap   total 63488K, used 12288K [0x00000000c3200000, 0x0000000100000000)
  region size 1024K, 13 young (13312K), 0 survivors (0K)
 Metaspace       used 1838K, committed 2048K, reserved 1114112K
  class space    used 183K, committed 256K, reserved 1048576K
}
Event: 0.447 GC heap after
{Heap after GC invocations=1 (full 0):
 garbage-first heap   total 63488K, used 1767K [0x00000000c3200000, 0x0000000100000000)
  region size 1024K, 2 young (2048K), 2 survivors (2048K)
 Metaspace       used 1838K, committed 2048K, reserved 1114112K
  class space    used 183K, committed 256K, reserved 1048576K
}
Event: 1.064 GC heap before
{Heap before GC invocations=1 (full 0):
 garbage-first heap   total 63488K, used 23271K [0x00000000c3200000, 0x0000000100000000)
  region size 1024K, 24 young (24576K), 2 survivors (2048K)
 Metaspace       used 4922K, committed 5120K, reserved 1114112K
  class space    used 539K, committed 640K, reserved 1048576K
}
Event: 1.068 GC heap after
{Heap after GC invocations=2 (full 0):
 garbage-first heap   total 63488K, used 5670K [0x00000000c3200000, 0x0000000100000000)
  region size 1024K, 3 young (3072K), 3 survivors (3072K)
 Metaspace       used 4922K, committed 5120K, reserved 1114112K
  class space    used 539K, committed 640K, reserved 1048576K
}
Event: 2.151 GC heap before
{Heap before GC invocations=2 (full 0):
 garbage-first heap   total 63488K, used 42534K [0x00000000c3200000, 0x0000000100000000)
  region size 1024K, 37 young (37888K), 3 survivors (3072K)
 Metaspace       used 12400K, committed 12736K, reserved 1114112K
  class space    used 1704K, committed 1856K, reserved 1048576K
}
Event: 2.168 GC heap after
{Heap after GC invocations=3 (full 0):
 garbage-first heap   total 63488K, used 12262K [0x00000000c3200000, 0x0000000100000000)
  region size 1024K, 4 young (4096K), 4 survivors (4096K)
 Metaspace       used 12400K, committed 12736K, reserved 1114112K
  class space    used 1704K, committed 1856K, reserved 1048576K
}
Event: 32.756 GC heap before
{Heap before GC invocations=3 (full 0):
 garbage-first heap   total 63488K, used 53222K [0x00000000c3200000, 0x0000000100000000)
  region size 1024K, 37 young (37888K), 4 survivors (4096K)
 Metaspace       used 19419K, committed 19776K, reserved 1114112K
  class space    used 2651K, committed 2816K, reserved 1048576K
}
Event: 32.763 GC heap after
{Heap after GC invocations=4 (full 0):
 garbage-first heap   total 63488K, used 20549K [0x00000000c3200000, 0x0000000100000000)
  region size 1024K, 4 young (4096K), 4 survivors (4096K)
 Metaspace       used 19419K, committed 19776K, reserved 1114112K
  class space    used 2651K, committed 2816K, reserved 1048576K
}
Event: 33.026 GC heap before
{Heap before GC invocations=4 (full 0):
 garbage-first heap   total 63488K, used 25669K [0x00000000c3200000, 0x0000000100000000)
  region size 1024K, 10 young (10240K), 4 survivors (4096K)
 Metaspace       used 21137K, committed 21504K, reserved 1114112K
  class space    used 2881K, committed 3072K, reserved 1048576K
}
Event: 33.029 GC heap after
{Heap after GC invocations=5 (full 0):
 garbage-first heap   total 63488K, used 21449K [0x00000000c3200000, 0x0000000100000000)
  region size 1024K, 1 young (1024K), 1 survivors (1024K)
 Metaspace       used 21137K, committed 21504K, reserved 1114112K
  class space    used 2881K, committed 3072K, reserved 1048576K
}
Event: 44.295 GC heap before
{Heap before GC invocations=6 (full 0):
 garbage-first heap   total 81920K, used 81865K [0x00000000c3200000, 0x0000000100000000)
  region size 1024K, 22 young (22528K), 1 survivors (1024K)
 Metaspace       used 22511K, committed 22848K, reserved 1114112K
  class space    used 3093K, committed 3264K, reserved 1048576K
}
Event: 44.298 GC heap after
{Heap after GC invocations=7 (full 0):
 garbage-first heap   total 84992K, used 61768K [0x00000000c3200000, 0x0000000100000000)
  region size 1024K, 3 young (3072K), 3 survivors (3072K)
 Metaspace       used 22511K, committed 22848K, reserved 1114112K
  class space    used 3093K, committed 3264K, reserved 1048576K
}
Event: 45.297 GC heap before
{Heap before GC invocations=7 (full 0):
 garbage-first heap   total 91136K, used 90440K [0x00000000c3200000, 0x0000000100000000)
  region size 1024K, 9 young (9216K), 3 survivors (3072K)
 Metaspace       used 22682K, committed 23040K, reserved 1114112K
  class space    used 3096K, committed 3264K, reserved 1048576K
}
Event: 45.302 GC heap after
{Heap after GC invocations=8 (full 0):
 garbage-first heap   total 95232K, used 84656K [0x00000000c3200000, 0x0000000100000000)
  region size 1024K, 1 young (1024K), 1 survivors (1024K)
 Metaspace       used 22682K, committed 23040K, reserved 1114112K
  class space    used 3096K, committed 3264K, reserved 1048576K
}
Event: 45.698 GC heap before
{Heap before GC invocations=8 (full 0):
 garbage-first heap   total 95232K, used 87728K [0x00000000c3200000, 0x0000000100000000)
  region size 1024K, 4 young (4096K), 1 survivors (1024K)
 Metaspace       used 22733K, committed 23104K, reserved 1114112K
  class space    used 3097K, committed 3264K, reserved 1048576K
}
Event: 45.700 GC heap after
{Heap after GC invocations=9 (full 0):
 garbage-first heap   total 95232K, used 85348K [0x00000000c3200000, 0x0000000100000000)
  region size 1024K, 1 young (1024K), 1 survivors (1024K)
 Metaspace       used 22733K, committed 23104K, reserved 1114112K
  class space    used 3097K, committed 3264K, reserved 1048576K
}
Event: 45.921 GC heap before
{Heap before GC invocations=10 (full 0):
 garbage-first heap   total 135168K, used 102756K [0x00000000c3200000, 0x0000000100000000)
  region size 1024K, 4 young (4096K), 1 survivors (1024K)
 Metaspace       used 22822K, committed 23168K, reserved 1114112K
  class space    used 3097K, committed 3264K, reserved 1048576K
}
Event: 45.923 GC heap after
{Heap after GC invocations=11 (full 0):
 garbage-first heap   total 135168K, used 100195K [0x00000000c3200000, 0x0000000100000000)
  region size 1024K, 1 young (1024K), 1 survivors (1024K)
 Metaspace       used 22822K, committed 23168K, reserved 1114112K
  class space    used 3097K, committed 3264K, reserved 1048576K
}

