# JRE version: Java(TM) SE Runtime Environment (21.0.5+9) (build 21.0.5+9-LTS-239)
# Java VM: Java HotSpot(TM) 64-Bit Server VM (21.0.5+9-LTS-239, mixed mode, sharing, tiered, compressed oops, compressed class ptrs, g1 gc, windows-amd64)
GC Precious Log:
 CardTable entry size: 512
 Card Set container configuration: InlinePtr #cards 5 size 8 Array Of Cards #cards 12 size 40 Howl #buckets 4 coarsen threshold 1843 Howl Bitmap #cards 512 size 80 coarsen threshold 460 Card regions per heap region 1 cards per card region 2048
 CPUs: 4 total, 4 available
 Memory: 3895M
 Large Page Support: Disabled
 NUMA Support: Disabled
 Compressed Oops: Enabled (32-bit)
 Heap Region Size: 1M
 Heap Min Capacity: 8M
 Heap Initial Capacity: 62M
 Heap Max Capacity: 974M
 Pre-touch: Disabled
 Parallel Workers: 4
 Concurrent Workers: 1
 Concurrent Refinement Workers: 4
 Periodic GC: Disabled
Heap:
 garbage-first heap   total 76800K, used 67685K [0x00000000c3200000, 0x0000000100000000)
  region size 1024K, 17 young (17408K), 4 survivors (4096K)
 Metaspace       used 31557K, committed 32000K, reserved 1114112K
  class space    used 3545K, committed 3776K, reserved 1048576K
GC Heap History (20 events):
Event: 0.931 GC heap before
{Heap before GC invocations=0 (full 0):
 garbage-first heap   total 63488K, used 13312K [0x00000000c3200000, 0x0000000100000000)
  region size 1024K, 13 young (13312K), 0 survivors (0K)
 Metaspace       used 4032K, committed 4224K, reserved 1114112K
  class space    used 408K, committed 512K, reserved 1048576K
}
Event: 0.935 GC heap after
{Heap after GC invocations=1 (full 0):
 garbage-first heap   total 63488K, used 3328K [0x00000000c3200000, 0x0000000100000000)
  region size 1024K, 2 young (2048K), 2 survivors (2048K)
 Metaspace       used 4032K, committed 4224K, reserved 1114112K
  class space    used 408K, committed 512K, reserved 1048576K
}
Event: 1.202 GC heap before
{Heap before GC invocations=1 (full 0):
 garbage-first heap   total 63488K, used 19712K [0x00000000c3200000, 0x0000000100000000)
  region size 1024K, 18 young (18432K), 2 survivors (2048K)
 Metaspace       used 6442K, committed 6656K, reserved 1114112K
  class space    used 731K, committed 832K, reserved 1048576K
}
Event: 1.207 GC heap after
{Heap after GC invocations=2 (full 0):
 garbage-first heap   total 63488K, used 4378K [0x00000000c3200000, 0x0000000100000000)
  region size 1024K, 1 young (1024K), 1 survivors (1024K)
 Metaspace       used 6442K, committed 6656K, reserved 1114112K
  class space    used 731K, committed 832K, reserved 1048576K
}
Event: 2.023 GC heap before
{Heap before GC invocations=2 (full 0):
 garbage-first heap   total 63488K, used 40218K [0x00000000c3200000, 0x0000000100000000)
  region size 1024K, 37 young (37888K), 1 survivors (1024K)
 Metaspace       used 12779K, committed 12992K, reserved 1114112K
  class space    used 1526K, committed 1600K, reserved 1048576K
}
Event: 2.029 GC heap after
{Heap after GC invocations=3 (full 0):
 garbage-first heap   total 63488K, used 6920K [0x00000000c3200000, 0x0000000100000000)
  region size 1024K, 4 young (4096K), 4 survivors (4096K)
 Metaspace       used 12779K, committed 12992K, reserved 1114112K
  class space    used 1526K, committed 1600K, reserved 1048576K
}
Event: 2.781 GC heap before
{Heap before GC invocations=3 (full 0):
 garbage-first heap   total 63488K, used 40712K [0x00000000c3200000, 0x0000000100000000)
  region size 1024K, 37 young (37888K), 4 survivors (4096K)
 Metaspace       used 15824K, committed 16064K, reserved 1114112K
  class space    used 1824K, committed 1920K, reserved 1048576K
}
Event: 2.789 GC heap after
{Heap after GC invocations=4 (full 0):
 garbage-first heap   total 63488K, used 9649K [0x00000000c3200000, 0x0000000100000000)
  region size 1024K, 3 young (3072K), 3 survivors (3072K)
 Metaspace       used 15824K, committed 16064K, reserved 1114112K
  class space    used 1824K, committed 1920K, reserved 1048576K
}
Event: 3.527 GC heap before
{Heap before GC invocations=4 (full 0):
 garbage-first heap   total 63488K, used 47537K [0x00000000c3200000, 0x0000000100000000)
  region size 1024K, 37 young (37888K), 3 survivors (3072K)
 Metaspace       used 19308K, committed 19584K, reserved 1114112K
  class space    used 2203K, committed 2304K, reserved 1048576K
}
Event: 3.537 GC heap after
{Heap after GC invocations=5 (full 0):
 garbage-first heap   total 63488K, used 17661K [0x00000000c3200000, 0x0000000100000000)
  region size 1024K, 5 young (5120K), 5 survivors (5120K)
 Metaspace       used 19308K, committed 19584K, reserved 1114112K
  class space    used 2203K, committed 2304K, reserved 1048576K
}
Event: 3.663 GC heap before
{Heap before GC invocations=5 (full 0):
 garbage-first heap   total 63488K, used 28925K [0x00000000c3200000, 0x0000000100000000)
  region size 1024K, 14 young (14336K), 5 survivors (5120K)
 Metaspace       used 21242K, committed 21504K, reserved 1114112K
  class space    used 2480K, committed 2560K, reserved 1048576K
}
Event: 3.670 GC heap after
{Heap after GC invocations=6 (full 0):
 garbage-first heap   total 63488K, used 23272K [0x00000000c3200000, 0x0000000100000000)
  region size 1024K, 5 young (5120K), 5 survivors (5120K)
 Metaspace       used 21242K, committed 21504K, reserved 1114112K
  class space    used 2480K, committed 2560K, reserved 1048576K
}
Event: 4.069 GC heap before
{Heap before GC invocations=7 (full 0):
 garbage-first heap   total 63488K, used 50920K [0x00000000c3200000, 0x0000000100000000)
  region size 1024K, 32 young (32768K), 5 survivors (5120K)
 Metaspace       used 25657K, committed 25984K, reserved 1114112K
  class space    used 2929K, committed 3072K, reserved 1048576K
}
Event: 4.082 GC heap after
{Heap after GC invocations=8 (full 0):
 garbage-first heap   total 63488K, used 30475K [0x00000000c3200000, 0x0000000100000000)
  region size 1024K, 4 young (4096K), 4 survivors (4096K)
 Metaspace       used 25657K, committed 25984K, reserved 1114112K
  class space    used 2929K, committed 3072K, reserved 1048576K
}
Event: 4.382 GC heap before
{Heap before GC invocations=8 (full 0):
 garbage-first heap   total 63488K, used 50955K [0x00000000c3200000, 0x0000000100000000)
  region size 1024K, 23 young (23552K), 4 survivors (4096K)
 Metaspace       used 27079K, committed 27392K, reserved 1114112K
  class space    used 3059K, committed 3200K, reserved 1048576K
}
Event: 4.394 GC heap after
{Heap after GC invocations=9 (full 0):
 garbage-first heap   total 76800K, used 34816K [0x00000000c3200000, 0x0000000100000000)
  region size 1024K, 3 young (3072K), 3 survivors (3072K)
 Metaspace       used 27079K, committed 27392K, reserved 1114112K
  class space    used 3059K, committed 3200K, reserved 1048576K
}
Event: 5.273 GC heap before
{Heap before GC invocations=9 (full 0):
 garbage-first heap   total 76800K, used 61440K [0x00000000c3200000, 0x0000000100000000)
  region size 1024K, 29 young (29696K), 3 survivors (3072K)
 Metaspace       used 28362K, committed 28736K, reserved 1114112K
  class space    used 3171K, committed 3328K, reserved 1048576K
}
Event: 5.283 GC heap after
{Heap after GC invocations=10 (full 0):
 garbage-first heap   total 76800K, used 37347K [0x00000000c3200000, 0x0000000100000000)
  region size 1024K, 2 young (2048K), 2 survivors (2048K)
 Metaspace       used 28362K, committed 28736K, reserved 1114112K
  class space    used 3171K, committed 3328K, reserved 1048576K
}
Event: 5.761 GC heap before
{Heap before GC invocations=10 (full 0):
 garbage-first heap   total 76800K, used 62947K [0x00000000c3200000, 0x0000000100000000)
  region size 1024K, 27 young (27648K), 2 survivors (2048K)
 Metaspace       used 29716K, committed 30144K, reserved 1114112K
  class space    used 3286K, committed 3456K, reserved 1048576K
}
Event: 5.766 GC heap after
{Heap after GC invocations=11 (full 0):
 garbage-first heap   total 76800K, used 39013K [0x00000000c3200000, 0x0000000100000000)
  region size 1024K, 4 young (4096K), 4 survivors (4096K)
 Metaspace       used 29716K, committed 30144K, reserved 1114112K
  class space    used 3286K, committed 3456K, reserved 1048576K
}

