# JRE version: Java(TM) SE Runtime Environment (21.0.5+9) (build 21.0.5+9-LTS-239)
# Java VM: Java HotSpot(TM) 64-Bit Server VM (21.0.5+9-LTS-239, mixed mode, sharing, tiered, compressed oops, compressed class ptrs, g1 gc, windows-amd64)
GC Precious Log:
 CardTable entry size: 512
 Card Set container configuration: InlinePtr #cards 5 size 8 Array Of Cards #cards 12 size 40 Howl #buckets 4 coarsen threshold 1843 Howl Bitmap #cards 512 size 80 coarsen threshold 460 Card regions per heap region 1 cards per card region 2048
 CPUs: 4 total, 4 available
 Memory: 3895M
 Large Page Support: Disabled
 NUMA Support: Disabled
 Compressed Oops: Enabled (32-bit)
 Heap Region Size: 1M
 Heap Min Capacity: 8M
 Heap Initial Capacity: 62M
 Heap Max Capacity: 974M
 Pre-touch: Disabled
 Parallel Workers: 4
 Concurrent Workers: 1
 Concurrent Refinement Workers: 4
 Periodic GC: Disabled
Heap:
 garbage-first heap   total 100352K, used 97209K [0x00000000c3200000, 0x0000000100000000)
  region size 1024K, 12 young (12288K), 1 survivors (1024K)
 Metaspace       used 19973K, committed 20352K, reserved 1114112K
  class space    used 2859K, committed 3072K, reserved 1048576K
GC Heap History (19 events):
Event: 0.513 GC heap before
{Heap before GC invocations=0 (full 0):
 garbage-first heap   total 63488K, used 12288K [0x00000000c3200000, 0x0000000100000000)
  region size 1024K, 13 young (13312K), 0 survivors (0K)
 Metaspace       used 1824K, committed 1984K, reserved 1114112K
  class space    used 183K, committed 256K, reserved 1048576K
}
Event: 0.516 GC heap after
{Heap after GC invocations=1 (full 0):
 garbage-first heap   total 63488K, used 1767K [0x00000000c3200000, 0x0000000100000000)
  region size 1024K, 2 young (2048K), 2 survivors (2048K)
 Metaspace       used 1824K, committed 1984K, reserved 1114112K
  class space    used 183K, committed 256K, reserved 1048576K
}
Event: 1.231 GC heap before
{Heap before GC invocations=1 (full 0):
 garbage-first heap   total 63488K, used 23271K [0x00000000c3200000, 0x0000000100000000)
  region size 1024K, 24 young (24576K), 2 survivors (2048K)
 Metaspace       used 4914K, committed 5120K, reserved 1114112K
  class space    used 537K, committed 640K, reserved 1048576K
}
Event: 1.237 GC heap after
{Heap after GC invocations=2 (full 0):
 garbage-first heap   total 63488K, used 5845K [0x00000000c3200000, 0x0000000100000000)
  region size 1024K, 3 young (3072K), 3 survivors (3072K)
 Metaspace       used 4914K, committed 5120K, reserved 1114112K
  class space    used 537K, committed 640K, reserved 1048576K
}
Event: 3.355 GC heap before
{Heap before GC invocations=2 (full 0):
 garbage-first heap   total 63488K, used 60117K [0x00000000c3200000, 0x0000000100000000)
  region size 1024K, 37 young (37888K), 3 survivors (3072K)
 Metaspace       used 12430K, committed 12736K, reserved 1114112K
  class space    used 1686K, committed 1856K, reserved 1048576K
}
Event: 3.361 GC heap after
{Heap after GC invocations=3 (full 0):
 garbage-first heap   total 69632K, used 30412K [0x00000000c3200000, 0x0000000100000000)
  region size 1024K, 5 young (5120K), 5 survivors (5120K)
 Metaspace       used 12430K, committed 12736K, reserved 1114112K
  class space    used 1686K, committed 1856K, reserved 1048576K
}
Event: 17.340 GC heap before
{Heap before GC invocations=3 (full 0):
 garbage-first heap   total 69632K, used 58060K [0x00000000c3200000, 0x0000000100000000)
  region size 1024K, 30 young (30720K), 5 survivors (5120K)
 Metaspace       used 17591K, committed 17984K, reserved 1114112K
  class space    used 2597K, committed 2816K, reserved 1048576K
}
Event: 17.345 GC heap after
{Heap after GC invocations=4 (full 0):
 garbage-first heap   total 69632K, used 34960K [0x00000000c3200000, 0x0000000100000000)
  region size 1024K, 3 young (3072K), 3 survivors (3072K)
 Metaspace       used 17591K, committed 17984K, reserved 1114112K
  class space    used 2597K, committed 2816K, reserved 1048576K
}
Event: 28.800 GC heap before
{Heap before GC invocations=4 (full 0):
 garbage-first heap   total 69632K, used 37008K [0x00000000c3200000, 0x0000000100000000)
  region size 1024K, 6 young (6144K), 3 survivors (3072K)
 Metaspace       used 17909K, committed 18304K, reserved 1114112K
  class space    used 2618K, committed 2816K, reserved 1048576K
}
Event: 28.802 GC heap after
{Heap after GC invocations=5 (full 0):
 garbage-first heap   total 69632K, used 34774K [0x00000000c3200000, 0x0000000100000000)
  region size 1024K, 3 young (3072K), 3 survivors (3072K)
 Metaspace       used 17909K, committed 18304K, reserved 1114112K
  class space    used 2618K, committed 2816K, reserved 1048576K
}
Event: 29.079 GC heap before
{Heap before GC invocations=6 (full 0):
 garbage-first heap   total 83968K, used 82902K [0x00000000c3200000, 0x0000000100000000)
  region size 1024K, 10 young (10240K), 3 survivors (3072K)
 Metaspace       used 18187K, committed 18560K, reserved 1114112K
  class space    used 2623K, committed 2816K, reserved 1048576K
}
Event: 29.083 GC heap after
{Heap after GC invocations=7 (full 0):
 garbage-first heap   total 88064K, used 76768K [0x00000000c3200000, 0x0000000100000000)
  region size 1024K, 2 young (2048K), 2 survivors (2048K)
 Metaspace       used 18187K, committed 18560K, reserved 1114112K
  class space    used 2623K, committed 2816K, reserved 1048576K
}
Event: 29.236 GC heap before
{Heap before GC invocations=7 (full 0):
 garbage-first heap   total 88064K, used 79840K [0x00000000c3200000, 0x0000000100000000)
  region size 1024K, 5 young (5120K), 2 survivors (2048K)
 Metaspace       used 18305K, committed 18688K, reserved 1114112K
  class space    used 2623K, committed 2816K, reserved 1048576K
}
Event: 29.240 GC heap after
{Heap after GC invocations=8 (full 0):
 garbage-first heap   total 88064K, used 77263K [0x00000000c3200000, 0x0000000100000000)
  region size 1024K, 1 young (1024K), 1 survivors (1024K)
 Metaspace       used 18305K, committed 18688K, reserved 1114112K
  class space    used 2623K, committed 2816K, reserved 1048576K
}
Event: 35.407 GC heap before
{Heap before GC invocations=8 (full 0):
 garbage-first heap   total 88064K, used 79311K [0x00000000c3200000, 0x0000000100000000)
  region size 1024K, 5 young (5120K), 1 survivors (1024K)
 Metaspace       used 18538K, committed 18944K, reserved 1114112K
  class space    used 2628K, committed 2816K, reserved 1048576K
}
Event: 35.408 GC heap after
{Heap after GC invocations=9 (full 0):
 garbage-first heap   total 88064K, used 77594K [0x00000000c3200000, 0x0000000100000000)
  region size 1024K, 1 young (1024K), 1 survivors (1024K)
 Metaspace       used 18538K, committed 18944K, reserved 1114112K
  class space    used 2628K, committed 2816K, reserved 1048576K
}
Event: 35.474 GC heap before
{Heap before GC invocations=10 (full 0):
 garbage-first heap   total 88064K, used 50970K [0x00000000c3200000, 0x0000000100000000)
  region size 1024K, 4 young (4096K), 1 survivors (1024K)
 Metaspace       used 19058K, committed 19456K, reserved 1114112K
  class space    used 2727K, committed 2944K, reserved 1048576K
}
Event: 35.475 GC heap after
{Heap after GC invocations=11 (full 0):
 garbage-first heap   total 88064K, used 49081K [0x00000000c3200000, 0x0000000100000000)
  region size 1024K, 1 young (1024K), 1 survivors (1024K)
 Metaspace       used 19058K, committed 19456K, reserved 1114112K
  class space    used 2727K, committed 2944K, reserved 1048576K
}
Event: 35.980 GC heap before
{Heap before GC invocations=11 (full 0):
 garbage-first heap   total 98304K, used 97209K [0x00000000c3200000, 0x0000000100000000)
  region size 1024K, 12 young (12288K), 1 survivors (1024K)
 Metaspace       used 19973K, committed 20352K, reserved 1114112K
  class space    used 2859K, committed 3072K, reserved 1048576K
}

