# JRE version: Java(TM) SE Runtime Environment (21.0.5+9) (build 21.0.5+9-LTS-239)
# Java VM: Java HotSpot(TM) 64-Bit Server VM (21.0.5+9-LTS-239, mixed mode, sharing, tiered, compressed oops, compressed class ptrs, g1 gc, windows-amd64)
GC Precious Log:
 CardTable entry size: 512
 Card Set container configuration: InlinePtr #cards 5 size 8 Array Of Cards #cards 12 size 40 Howl #buckets 4 coarsen threshold 1843 Howl Bitmap #cards 512 size 80 coarsen threshold 460 Card regions per heap region 1 cards per card region 2048
 CPUs: 4 total, 4 available
 Memory: 3895M
 Large Page Support: Disabled
 NUMA Support: Disabled
 Compressed Oops: Enabled (32-bit)
 Heap Region Size: 1M
 Heap Min Capacity: 8M
 Heap Initial Capacity: 62M
 Heap Max Capacity: 974M
 Pre-touch: Disabled
 Parallel Workers: 4
 Concurrent Workers: 1
 Concurrent Refinement Workers: 4
 Periodic GC: Disabled
Heap:
 garbage-first heap   total 240640K, used 133903K [0x00000000c3200000, 0x0000000100000000)
  region size 1024K, 6 young (6144K), 1 survivors (1024K)
 Metaspace       used 23426K, committed 23936K, reserved 1114112K
  class space    used 3096K, committed 3328K, reserved 1048576K
GC Heap History (20 events):
Event: 25.819 GC heap before
{Heap before GC invocations=8 (full 0):
 garbage-first heap   total 79872K, used 66748K [0x00000000c3200000, 0x0000000100000000)
  region size 1024K, 2 young (2048K), 1 survivors (1024K)
 Metaspace       used 22512K, committed 22912K, reserved 1114112K
  class space    used 3097K, committed 3264K, reserved 1048576K
}
Event: 25.821 GC heap after
{Heap after GC invocations=9 (full 0):
 garbage-first heap   total 79872K, used 66904K [0x00000000c3200000, 0x0000000100000000)
  region size 1024K, 1 young (1024K), 1 survivors (1024K)
 Metaspace       used 22512K, committed 22912K, reserved 1114112K
  class space    used 3097K, committed 3264K, reserved 1048576K
}
Event: 26.667 GC heap before
{Heap before GC invocations=10 (full 0):
 garbage-first heap   total 112640K, used 82264K [0x00000000c3200000, 0x0000000100000000)
  region size 1024K, 6 young (6144K), 1 survivors (1024K)
 Metaspace       used 22624K, committed 22976K, reserved 1114112K
  class space    used 3098K, committed 3264K, reserved 1048576K
}
Event: 26.671 GC heap after
{Heap after GC invocations=11 (full 0):
 garbage-first heap   total 112640K, used 78281K [0x00000000c3200000, 0x0000000100000000)
  region size 1024K, 1 young (1024K), 1 survivors (1024K)
 Metaspace       used 22624K, committed 22976K, reserved 1114112K
  class space    used 3098K, committed 3264K, reserved 1048576K
}
Event: 28.380 GC heap before
{Heap before GC invocations=11 (full 0):
 garbage-first heap   total 118784K, used 118217K [0x00000000c3200000, 0x0000000100000000)
  region size 1024K, 8 young (8192K), 1 survivors (1024K)
 Metaspace       used 22802K, committed 23168K, reserved 1114112K
  class space    used 3102K, committed 3264K, reserved 1048576K
}
Event: 28.383 GC heap after
{Heap after GC invocations=12 (full 0):
 garbage-first heap   total 121856K, used 106175K [0x00000000c3200000, 0x0000000100000000)
  region size 1024K, 3 young (3072K), 3 survivors (3072K)
 Metaspace       used 22802K, committed 23168K, reserved 1114112K
  class space    used 3102K, committed 3264K, reserved 1048576K
}
Event: 30.185 GC heap before
{Heap before GC invocations=12 (full 0):
 garbage-first heap   total 121856K, used 108223K [0x00000000c3200000, 0x0000000100000000)
  region size 1024K, 6 young (6144K), 3 survivors (3072K)
 Metaspace       used 22829K, committed 23168K, reserved 1114112K
  class space    used 3102K, committed 3264K, reserved 1048576K
}
Event: 30.188 GC heap after
{Heap after GC invocations=13 (full 0):
 garbage-first heap   total 121856K, used 106289K [0x00000000c3200000, 0x0000000100000000)
  region size 1024K, 1 young (1024K), 1 survivors (1024K)
 Metaspace       used 22829K, committed 23168K, reserved 1114112K
  class space    used 3102K, committed 3264K, reserved 1048576K
}
Event: 30.399 GC heap before
{Heap before GC invocations=14 (full 0):
 garbage-first heap   total 140288K, used 111409K [0x00000000c3200000, 0x0000000100000000)
  region size 1024K, 7 young (7168K), 1 survivors (1024K)
 Metaspace       used 22931K, committed 23296K, reserved 1114112K
  class space    used 3103K, committed 3264K, reserved 1048576K
}
Event: 30.401 GC heap after
{Heap after GC invocations=15 (full 0):
 garbage-first heap   total 140288K, used 101376K [0x00000000c3200000, 0x0000000100000000)
  region size 1024K, 1 young (1024K), 1 survivors (1024K)
 Metaspace       used 22931K, committed 23296K, reserved 1114112K
  class space    used 3103K, committed 3264K, reserved 1048576K
}
Event: 32.080 GC heap before
{Heap before GC invocations=15 (full 0):
 garbage-first heap   total 152576K, used 152576K [0x00000000c3200000, 0x0000000100000000)
  region size 1024K, 7 young (7168K), 1 survivors (1024K)
 Metaspace       used 23034K, committed 23424K, reserved 1114112K
  class space    used 3106K, committed 3264K, reserved 1048576K
}
Event: 32.083 GC heap after
{Heap after GC invocations=16 (full 0):
 garbage-first heap   total 155648K, used 146505K [0x00000000c3200000, 0x0000000100000000)
  region size 1024K, 2 young (2048K), 2 survivors (2048K)
 Metaspace       used 23034K, committed 23424K, reserved 1114112K
  class space    used 3106K, committed 3264K, reserved 1048576K
}
Event: 32.083 GC heap before
{Heap before GC invocations=16 (full 0):
 garbage-first heap   total 155648K, used 146505K [0x00000000c3200000, 0x0000000100000000)
  region size 1024K, 3 young (3072K), 2 survivors (2048K)
 Metaspace       used 23034K, committed 23424K, reserved 1114112K
  class space    used 3106K, committed 3264K, reserved 1048576K
}
Event: 32.085 GC heap after
{Heap after GC invocations=17 (full 0):
 garbage-first heap   total 155648K, used 146827K [0x00000000c3200000, 0x0000000100000000)
  region size 1024K, 1 young (1024K), 1 survivors (1024K)
 Metaspace       used 23034K, committed 23424K, reserved 1114112K
  class space    used 3106K, committed 3264K, reserved 1048576K
}
Event: 33.384 GC heap before
{Heap before GC invocations=18 (full 0):
 garbage-first heap   total 219136K, used 134539K [0x00000000c3200000, 0x0000000100000000)
  region size 1024K, 7 young (7168K), 1 survivors (1024K)
 Metaspace       used 23159K, committed 23552K, reserved 1114112K
  class space    used 3119K, committed 3328K, reserved 1048576K
}
Event: 33.386 GC heap after
{Heap after GC invocations=19 (full 0):
 garbage-first heap   total 219136K, used 129604K [0x00000000c3200000, 0x0000000100000000)
  region size 1024K, 1 young (1024K), 1 survivors (1024K)
 Metaspace       used 23159K, committed 23552K, reserved 1114112K
  class space    used 3119K, committed 3328K, reserved 1048576K
}
Event: 1613.789 GC heap before
{Heap before GC invocations=19 (full 0):
 garbage-first heap   total 235520K, used 234052K [0x00000000c3200000, 0x0000000100000000)
  region size 1024K, 22 young (22528K), 1 survivors (1024K)
 Metaspace       used 23492K, committed 23872K, reserved 1114112K
  class space    used 3136K, committed 3328K, reserved 1048576K
}
Event: 1613.823 GC heap after
{Heap after GC invocations=20 (full 0):
 garbage-first heap   total 240640K, used 208968K [0x00000000c3200000, 0x0000000100000000)
  region size 1024K, 4 young (4096K), 4 survivors (4096K)
 Metaspace       used 23492K, committed 23872K, reserved 1114112K
  class space    used 3136K, committed 3328K, reserved 1048576K
}
Event: 1613.833 GC heap before
{Heap before GC invocations=20 (full 0):
 garbage-first heap   total 240640K, used 208968K [0x00000000c3200000, 0x0000000100000000)
  region size 1024K, 5 young (5120K), 4 survivors (4096K)
 Metaspace       used 23492K, committed 23872K, reserved 1114112K
  class space    used 3136K, committed 3328K, reserved 1048576K
}
Event: 1613.839 GC heap after
{Heap after GC invocations=21 (full 0):
 garbage-first heap   total 240640K, used 209679K [0x00000000c3200000, 0x0000000100000000)
  region size 1024K, 1 young (1024K), 1 survivors (1024K)
 Metaspace       used 23492K, committed 23872K, reserved 1114112K
  class space    used 3136K, committed 3328K, reserved 1048576K
}

