# JRE version: Java(TM) SE Runtime Environment (21.0.5+9) (build 21.0.5+9-LTS-239)
# Java VM: Java HotSpot(TM) 64-Bit Server VM (21.0.5+9-LTS-239, mixed mode, sharing, tiered, compressed oops, compressed class ptrs, g1 gc, windows-amd64)
GC Precious Log:
 CardTable entry size: 512
 Card Set container configuration: InlinePtr #cards 5 size 8 Array Of Cards #cards 12 size 40 Howl #buckets 4 coarsen threshold 1843 Howl Bitmap #cards 512 size 80 coarsen threshold 460 Card regions per heap region 1 cards per card region 2048
 CPUs: 4 total, 4 available
 Memory: 3895M
 Large Page Support: Disabled
 NUMA Support: Disabled
 Compressed Oops: Enabled (32-bit)
 Heap Region Size: 1M
 Heap Min Capacity: 8M
 Heap Initial Capacity: 62M
 Heap Max Capacity: 974M
 Pre-touch: Disabled
 Parallel Workers: 4
 Concurrent Workers: 1
 Concurrent Refinement Workers: 4
 Periodic GC: Disabled
Heap:
 garbage-first heap   total 78848K, used 49728K [0x00000000c3200000, 0x0000000100000000)
  region size 1024K, 16 young (16384K), 1 survivors (1024K)
 Metaspace       used 28827K, committed 29248K, reserved 1114112K
  class space    used 3190K, committed 3392K, reserved 1048576K
GC Heap History (20 events):
Event: 1.003 GC heap before
{Heap before GC invocations=0 (full 0):
 garbage-first heap   total 63488K, used 13312K [0x00000000c3200000, 0x0000000100000000)
  region size 1024K, 13 young (13312K), 0 survivors (0K)
 Metaspace       used 4033K, committed 4224K, reserved 1114112K
  class space    used 408K, committed 512K, reserved 1048576K
}
Event: 1.012 GC heap after
{Heap after GC invocations=1 (full 0):
 garbage-first heap   total 63488K, used 3360K [0x00000000c3200000, 0x0000000100000000)
  region size 1024K, 2 young (2048K), 2 survivors (2048K)
 Metaspace       used 4033K, committed 4224K, reserved 1114112K
  class space    used 408K, committed 512K, reserved 1048576K
}
Event: 1.401 GC heap before
{Heap before GC invocations=1 (full 0):
 garbage-first heap   total 63488K, used 19744K [0x00000000c3200000, 0x0000000100000000)
  region size 1024K, 18 young (18432K), 2 survivors (2048K)
 Metaspace       used 6447K, committed 6656K, reserved 1114112K
  class space    used 731K, committed 832K, reserved 1048576K
}
Event: 1.405 GC heap after
{Heap after GC invocations=2 (full 0):
 garbage-first heap   total 63488K, used 4368K [0x00000000c3200000, 0x0000000100000000)
  region size 1024K, 1 young (1024K), 1 survivors (1024K)
 Metaspace       used 6447K, committed 6656K, reserved 1114112K
  class space    used 731K, committed 832K, reserved 1048576K
}
Event: 2.699 GC heap before
{Heap before GC invocations=2 (full 0):
 garbage-first heap   total 63488K, used 40208K [0x00000000c3200000, 0x0000000100000000)
  region size 1024K, 37 young (37888K), 1 survivors (1024K)
 Metaspace       used 12816K, committed 12992K, reserved 1114112K
  class space    used 1528K, committed 1600K, reserved 1048576K
}
Event: 2.707 GC heap after
{Heap after GC invocations=3 (full 0):
 garbage-first heap   total 63488K, used 6874K [0x00000000c3200000, 0x0000000100000000)
  region size 1024K, 4 young (4096K), 4 survivors (4096K)
 Metaspace       used 12816K, committed 12992K, reserved 1114112K
  class space    used 1528K, committed 1600K, reserved 1048576K
}
Event: 3.742 GC heap before
{Heap before GC invocations=3 (full 0):
 garbage-first heap   total 63488K, used 40666K [0x00000000c3200000, 0x0000000100000000)
  region size 1024K, 37 young (37888K), 4 survivors (4096K)
 Metaspace       used 16040K, committed 16256K, reserved 1114112K
  class space    used 1842K, committed 1920K, reserved 1048576K
}
Event: 3.752 GC heap after
{Heap after GC invocations=4 (full 0):
 garbage-first heap   total 63488K, used 9642K [0x00000000c3200000, 0x0000000100000000)
  region size 1024K, 3 young (3072K), 3 survivors (3072K)
 Metaspace       used 16040K, committed 16256K, reserved 1114112K
  class space    used 1842K, committed 1920K, reserved 1048576K
}
Event: 4.953 GC heap before
{Heap before GC invocations=4 (full 0):
 garbage-first heap   total 63488K, used 50602K [0x00000000c3200000, 0x0000000100000000)
  region size 1024K, 37 young (37888K), 3 survivors (3072K)
 Metaspace       used 19343K, committed 19648K, reserved 1114112K
  class space    used 2211K, committed 2368K, reserved 1048576K
}
Event: 4.963 GC heap after
{Heap after GC invocations=5 (full 0):
 garbage-first heap   total 63488K, used 20975K [0x00000000c3200000, 0x0000000100000000)
  region size 1024K, 5 young (5120K), 5 survivors (5120K)
 Metaspace       used 19343K, committed 19648K, reserved 1114112K
  class space    used 2211K, committed 2368K, reserved 1048576K
}
Event: 5.070 GC heap before
{Heap before GC invocations=5 (full 0):
 garbage-first heap   total 63488K, used 21999K [0x00000000c3200000, 0x0000000100000000)
  region size 1024K, 7 young (7168K), 5 survivors (5120K)
 Metaspace       used 21222K, committed 21504K, reserved 1114112K
  class space    used 2478K, committed 2624K, reserved 1048576K
}
Event: 5.078 GC heap after
{Heap after GC invocations=6 (full 0):
 garbage-first heap   total 63488K, used 22332K [0x00000000c3200000, 0x0000000100000000)
  region size 1024K, 1 young (1024K), 1 survivors (1024K)
 Metaspace       used 21222K, committed 21504K, reserved 1114112K
  class space    used 2478K, committed 2624K, reserved 1048576K
}
Event: 5.553 GC heap before
{Heap before GC invocations=7 (full 0):
 garbage-first heap   total 63488K, used 42812K [0x00000000c3200000, 0x0000000100000000)
  region size 1024K, 24 young (24576K), 1 survivors (1024K)
 Metaspace       used 25529K, committed 25856K, reserved 1114112K
  class space    used 2904K, committed 3072K, reserved 1048576K
}
Event: 5.561 GC heap after
{Heap after GC invocations=8 (full 0):
 garbage-first heap   total 63488K, used 27057K [0x00000000c3200000, 0x0000000100000000)
  region size 1024K, 3 young (3072K), 3 survivors (3072K)
 Metaspace       used 25529K, committed 25856K, reserved 1114112K
  class space    used 2904K, committed 3072K, reserved 1048576K
}
Event: 5.701 GC heap before
{Heap before GC invocations=8 (full 0):
 garbage-first heap   total 63488K, used 47537K [0x00000000c3200000, 0x0000000100000000)
  region size 1024K, 23 young (23552K), 3 survivors (3072K)
 Metaspace       used 25845K, committed 26176K, reserved 1114112K
  class space    used 2939K, committed 3136K, reserved 1048576K
}
Event: 5.711 GC heap after
{Heap after GC invocations=9 (full 0):
 garbage-first heap   total 63488K, used 30160K [0x00000000c3200000, 0x0000000100000000)
  region size 1024K, 3 young (3072K), 3 survivors (3072K)
 Metaspace       used 25845K, committed 26176K, reserved 1114112K
  class space    used 2939K, committed 3136K, reserved 1048576K
}
Event: 6.096 GC heap before
{Heap before GC invocations=9 (full 0):
 garbage-first heap   total 63488K, used 50640K [0x00000000c3200000, 0x0000000100000000)
  region size 1024K, 22 young (22528K), 3 survivors (3072K)
 Metaspace       used 27712K, committed 28096K, reserved 1114112K
  class space    used 3123K, committed 3328K, reserved 1048576K
}
Event: 6.104 GC heap after
{Heap after GC invocations=10 (full 0):
 garbage-first heap   total 63488K, used 34227K [0x00000000c3200000, 0x0000000100000000)
  region size 1024K, 3 young (3072K), 3 survivors (3072K)
 Metaspace       used 27712K, committed 28096K, reserved 1114112K
  class space    used 3123K, committed 3328K, reserved 1048576K
}
Event: 6.426 GC heap before
{Heap before GC invocations=10 (full 0):
 garbage-first heap   total 63488K, used 51635K [0x00000000c3200000, 0x0000000100000000)
  region size 1024K, 20 young (20480K), 3 survivors (3072K)
 Metaspace       used 28517K, committed 28928K, reserved 1114112K
  class space    used 3179K, committed 3392K, reserved 1048576K
}
Event: 6.433 GC heap after
{Heap after GC invocations=11 (full 0):
 garbage-first heap   total 78848K, used 35392K [0x00000000c3200000, 0x0000000100000000)
  region size 1024K, 1 young (1024K), 1 survivors (1024K)
 Metaspace       used 28517K, committed 28928K, reserved 1114112K
  class space    used 3179K, committed 3392K, reserved 1048576K
}

