# JRE version: Java(TM) SE Runtime Environment (21.0.5+9) (build 21.0.5+9-LTS-239)
# Java VM: Java HotSpot(TM) 64-Bit Server VM (21.0.5+9-LTS-239, mixed mode, sharing, tiered, compressed oops, compressed class ptrs, g1 gc, windows-amd64)
GC Precious Log:
 CardTable entry size: 512
 Card Set container configuration: InlinePtr #cards 5 size 8 Array Of Cards #cards 12 size 40 Howl #buckets 4 coarsen threshold 1843 Howl Bitmap #cards 512 size 80 coarsen threshold 460 Card regions per heap region 1 cards per card region 2048
 CPUs: 4 total, 4 available
 Memory: 3895M
 Large Page Support: Disabled
 NUMA Support: Disabled
 Compressed Oops: Enabled (32-bit)
 Heap Region Size: 1M
 Heap Min Capacity: 8M
 Heap Initial Capacity: 62M
 Heap Max Capacity: 974M
 Pre-touch: Disabled
 Parallel Workers: 4
 Concurrent Workers: 1
 Concurrent Refinement Workers: 4
 Periodic GC: Disabled
Heap:
 garbage-first heap   total 76800K, used 65173K [0x00000000c3200000, 0x0000000100000000)
  region size 1024K, 5 young (5120K), 3 survivors (3072K)
 Metaspace       used 32153K, committed 32576K, reserved 1114112K
  class space    used 3575K, committed 3776K, reserved 1048576K
GC Heap History (20 events):
Event: 2.070 GC heap before
{Heap before GC invocations=3 (full 0):
 garbage-first heap   total 63488K, used 40869K [0x00000000c3200000, 0x0000000100000000)
  region size 1024K, 37 young (37888K), 4 survivors (4096K)
 Metaspace       used 15792K, committed 16000K, reserved 1114112K
  class space    used 1824K, committed 1920K, reserved 1048576K
}
Event: 2.078 GC heap after
{Heap after GC invocations=4 (full 0):
 garbage-first heap   total 63488K, used 9992K [0x00000000c3200000, 0x0000000100000000)
  region size 1024K, 3 young (3072K), 3 survivors (3072K)
 Metaspace       used 15792K, committed 16000K, reserved 1114112K
  class space    used 1824K, committed 1920K, reserved 1048576K
}
Event: 2.840 GC heap before
{Heap before GC invocations=4 (full 0):
 garbage-first heap   total 63488K, used 47880K [0x00000000c3200000, 0x0000000100000000)
  region size 1024K, 37 young (37888K), 3 survivors (3072K)
 Metaspace       used 19305K, committed 19584K, reserved 1114112K
  class space    used 2203K, committed 2304K, reserved 1048576K
}
Event: 2.850 GC heap after
{Heap after GC invocations=5 (full 0):
 garbage-first heap   total 63488K, used 18165K [0x00000000c3200000, 0x0000000100000000)
  region size 1024K, 5 young (5120K), 5 survivors (5120K)
 Metaspace       used 19305K, committed 19584K, reserved 1114112K
  class space    used 2203K, committed 2304K, reserved 1048576K
}
Event: 2.969 GC heap before
{Heap before GC invocations=5 (full 0):
 garbage-first heap   total 63488K, used 28405K [0x00000000c3200000, 0x0000000100000000)
  region size 1024K, 13 young (13312K), 5 survivors (5120K)
 Metaspace       used 21258K, committed 21504K, reserved 1114112K
  class space    used 2480K, committed 2560K, reserved 1048576K
}
Event: 2.979 GC heap after
{Heap after GC invocations=6 (full 0):
 garbage-first heap   total 63488K, used 26377K [0x00000000c3200000, 0x0000000100000000)
  region size 1024K, 5 young (5120K), 5 survivors (5120K)
 Metaspace       used 21258K, committed 21504K, reserved 1114112K
  class space    used 2480K, committed 2560K, reserved 1048576K
}
Event: 3.329 GC heap before
{Heap before GC invocations=7 (full 0):
 garbage-first heap   total 63488K, used 47881K [0x00000000c3200000, 0x0000000100000000)
  region size 1024K, 26 young (26624K), 5 survivors (5120K)
 Metaspace       used 25493K, committed 25856K, reserved 1114112K
  class space    used 2899K, committed 3072K, reserved 1048576K
}
Event: 3.342 GC heap after
{Heap after GC invocations=8 (full 0):
 garbage-first heap   total 63488K, used 33792K [0x00000000c3200000, 0x0000000100000000)
  region size 1024K, 4 young (4096K), 4 survivors (4096K)
 Metaspace       used 25493K, committed 25856K, reserved 1114112K
  class space    used 2899K, committed 3072K, reserved 1048576K
}
Event: 3.461 GC heap before
{Heap before GC invocations=8 (full 0):
 garbage-first heap   total 63488K, used 50176K [0x00000000c3200000, 0x0000000100000000)
  region size 1024K, 20 young (20480K), 4 survivors (4096K)
 Metaspace       used 25835K, committed 26176K, reserved 1114112K
  class space    used 2941K, committed 3072K, reserved 1048576K
}
Event: 3.469 GC heap after
{Heap after GC invocations=9 (full 0):
 garbage-first heap   total 76800K, used 36864K [0x00000000c3200000, 0x0000000100000000)
  region size 1024K, 3 young (3072K), 3 survivors (3072K)
 Metaspace       used 25835K, committed 26176K, reserved 1114112K
  class space    used 2941K, committed 3072K, reserved 1048576K
}
Event: 4.172 GC heap before
{Heap before GC invocations=9 (full 0):
 garbage-first heap   total 76800K, used 60416K [0x00000000c3200000, 0x0000000100000000)
  region size 1024K, 25 young (25600K), 3 survivors (3072K)
 Metaspace       used 27950K, committed 28352K, reserved 1114112K
  class space    used 3159K, committed 3328K, reserved 1048576K
}
Event: 4.183 GC heap after
{Heap after GC invocations=10 (full 0):
 garbage-first heap   total 76800K, used 41984K [0x00000000c3200000, 0x0000000100000000)
  region size 1024K, 4 young (4096K), 4 survivors (4096K)
 Metaspace       used 27950K, committed 28352K, reserved 1114112K
  class space    used 3159K, committed 3328K, reserved 1048576K
}
Event: 4.897 GC heap before
{Heap before GC invocations=10 (full 0):
 garbage-first heap   total 76800K, used 62464K [0x00000000c3200000, 0x0000000100000000)
  region size 1024K, 24 young (24576K), 4 survivors (4096K)
 Metaspace       used 28617K, committed 29056K, reserved 1114112K
  class space    used 3179K, committed 3392K, reserved 1048576K
}
Event: 4.904 GC heap after
{Heap after GC invocations=11 (full 0):
 garbage-first heap   total 76800K, used 43469K [0x00000000c3200000, 0x0000000100000000)
  region size 1024K, 2 young (2048K), 2 survivors (2048K)
 Metaspace       used 28617K, committed 29056K, reserved 1114112K
  class space    used 3179K, committed 3392K, reserved 1048576K
}
Event: 5.215 GC heap before
{Heap before GC invocations=12 (full 0):
 garbage-first heap   total 76800K, used 61901K [0x00000000c3200000, 0x0000000100000000)
  region size 1024K, 22 young (22528K), 2 survivors (2048K)
 Metaspace       used 28916K, committed 29312K, reserved 1114112K
  class space    used 3197K, committed 3392K, reserved 1048576K
}
Event: 5.220 GC heap after
{Heap after GC invocations=13 (full 0):
 garbage-first heap   total 76800K, used 41939K [0x00000000c3200000, 0x0000000100000000)
  region size 1024K, 3 young (3072K), 3 survivors (3072K)
 Metaspace       used 28916K, committed 29312K, reserved 1114112K
  class space    used 3197K, committed 3392K, reserved 1048576K
}
Event: 5.822 GC heap before
{Heap before GC invocations=13 (full 0):
 garbage-first heap   total 76800K, used 63443K [0x00000000c3200000, 0x0000000100000000)
  region size 1024K, 25 young (25600K), 3 survivors (3072K)
 Metaspace       used 30088K, committed 30464K, reserved 1114112K
  class space    used 3286K, committed 3456K, reserved 1048576K
}
Event: 5.826 GC heap after
{Heap after GC invocations=14 (full 0):
 garbage-first heap   total 76800K, used 42662K [0x00000000c3200000, 0x0000000100000000)
  region size 1024K, 3 young (3072K), 3 survivors (3072K)
 Metaspace       used 30088K, committed 30464K, reserved 1114112K
  class space    used 3286K, committed 3456K, reserved 1048576K
}
Event: 6.082 GC heap before
{Heap before GC invocations=14 (full 0):
 garbage-first heap   total 76800K, used 56998K [0x00000000c3200000, 0x0000000100000000)
  region size 1024K, 18 young (18432K), 3 survivors (3072K)
 Metaspace       used 31870K, committed 32320K, reserved 1114112K
  class space    used 3535K, committed 3776K, reserved 1048576K
}
Event: 6.087 GC heap after
{Heap after GC invocations=15 (full 0):
 garbage-first heap   total 76800K, used 43669K [0x00000000c3200000, 0x0000000100000000)
  region size 1024K, 3 young (3072K), 3 survivors (3072K)
 Metaspace       used 31870K, committed 32320K, reserved 1114112K
  class space    used 3535K, committed 3776K, reserved 1048576K
}

